OpenROAD b16bda7e82721d10566ff7e2b68f1ff0be9f9e38 
Features included (+) or not (-): +Charts +GPU +GUI +Python
This program is licensed under the BSD-3 license. See the LICENSE file for details.
Components of this program may be licensed under more restrictive licenses which must be honored.
define_corners Typical
read_liberty -corner Typical /data-ssd/home/zihanxu/.volare/sky130A/libs.ref/sky130_fd_sc_hd/lib/sky130_fd_sc_hd__tt_025C_1v80.lib
Using 1e-12 for capacitance...
Using 1e+03 for resistance...
Using 1e-09 for time...
Using 1e+00 for voltage...
Using 1e-03 for current...
Using 1e-09 for power...
Using 1e-06 for distance...
[INFO ODB-0227] LEF file: /openlane/designs/t4nfc/runs/RUN_2025.07.12_09.35.54/tmp/merged.nom.lef, created 13 layers, 25 vias, 441 library cells
Reading netlist '/openlane/designs/t4nfc/runs/RUN_2025.07.12_09.35.54/results/synthesis/FMCTop.v'…
Reading design constraints file at '/openlane/designs/t4nfc/src/FMCTop.sdc'…
[WARNING STA-0441] set_input_delay relative to a clock defined on the same port/pin not allowed.
[WARNING STA-0441] set_input_delay relative to a clock defined on the same port/pin not allowed.
[INFO IFP-0001] Added 1003 rows of 5932 site unithd.
[INFO IFP-0030] Inserted 0 tiecells using sky130_fd_sc_hd__conb_1/LO.
[INFO IFP-0030] Inserted 0 tiecells using sky130_fd_sc_hd__conb_1/HI.
[INFO] Extracting DIE_AREA and CORE_AREA from the floorplan
[INFO] Floorplanned on a die area of 0.0 0.0 2740.0 2750.72 (microns). Saving to /openlane/designs/t4nfc/runs/RUN_2025.07.12_09.35.54/reports/floorplan/3-initial_fp_die_area.rpt.
[INFO] Floorplanned on a core area of 5.52 10.88 2734.24 2739.04 (microns). Saving to /openlane/designs/t4nfc/runs/RUN_2025.07.12_09.35.54/reports/floorplan/3-initial_fp_core_area.rpt.
Writing OpenROAD database to '/openlane/designs/t4nfc/runs/RUN_2025.07.12_09.35.54/tmp/floorplan/3-initial_fp.odb'…
Writing layout to '/openlane/designs/t4nfc/runs/RUN_2025.07.12_09.35.54/tmp/floorplan/3-initial_fp.def'…
Writing timing constraints to '/openlane/designs/t4nfc/runs/RUN_2025.07.12_09.35.54/tmp/floorplan/3-initial_fp.sdc'…
