OpenROAD b16bda7e82721d10566ff7e2b68f1ff0be9f9e38 
Features included (+) or not (-): +Charts +GPU +GUI +Python
This program is licensed under the BSD-3 license. See the LICENSE file for details.
Components of this program may be licensed under more restrictive licenses which must be honored.
define_corners Typical
read_liberty -corner Typical /data-ssd/home/zihanxu/.volare/sky130A/libs.ref/sky130_fd_sc_hd/lib/sky130_fd_sc_hd__tt_025C_1v80.lib
Using 1e-12 for capacitance...
Using 1e+03 for resistance...
Using 1e-09 for time...
Using 1e+00 for voltage...
Using 1e-03 for current...
Using 1e-09 for power...
Using 1e-06 for distance...
[INFO]: Reading ODB at '/openlane/designs/t4nfc/runs/RUN_2025.07.12_09.35.54/results/floorplan/FMCTop.odb'…
Reading design constraints file at '/openlane/designs/t4nfc/src/FMCTop.sdc'…
[WARNING STA-0441] set_input_delay relative to a clock defined on the same port/pin not allowed.
[WARNING STA-0441] set_input_delay relative to a clock defined on the same port/pin not allowed.
[INFO]: Setting RC values...
[INFO]: Setting signal min routing layer to: met1 and clock min routing layer to met3. 
[INFO]: Setting signal max routing layer to: met5 and clock max routing layer to met5. 
[INFO GPL-0002] DBU: 1000
[INFO GPL-0003] SiteSize: (  0.460  2.720 ) um
[INFO GPL-0004] CoreBBox: (  5.520 10.880 ) ( 2734.240 2739.040 ) um
[INFO GPL-0006] NumInstances:            325141
[INFO GPL-0007] NumPlaceInstances:       217108
[INFO GPL-0008] NumFixedInstances:       108033
[INFO GPL-0009] NumDummyInstances:            0
[INFO GPL-0010] NumNets:                 217541
[INFO GPL-0011] NumPins:                 750428
[INFO GPL-0012] DieBBox:  (  0.000  0.000 ) ( 2740.000 2750.720 ) um
[INFO GPL-0013] CoreBBox: (  5.520 10.880 ) ( 2734.240 2739.040 ) um
[INFO GPL-0016] CoreArea:            7444384.755 um^2
[INFO GPL-0017] NonPlaceInstsArea:   140190.704 um^2
[INFO GPL-0018] PlaceInstsArea:      2234171.498 um^2
[INFO GPL-0019] Util:                    30.588 %
[INFO GPL-0020] StdInstsArea:        2234171.498 um^2
[INFO GPL-0021] MacroInstsArea:           0.000 um^2
[InitialPlace]  Iter: 1 CG residual: 0.00287464 HPWL: 3325301170
[InitialPlace]  Iter: 2 CG residual: 0.00063882 HPWL: 3575733355
[InitialPlace]  Iter: 3 CG residual: 0.00021945 HPWL: 3535033781
[InitialPlace]  Iter: 4 CG residual: 0.00022242 HPWL: 3490882481
[InitialPlace]  Iter: 5 CG residual: 0.00019105 HPWL: 3413824733
[InitialPlace]  Iter: 6 CG residual: 0.00015364 HPWL: 3346317181
[InitialPlace]  Iter: 7 CG residual: 0.00015607 HPWL: 3270444919
[InitialPlace]  Iter: 8 CG residual: 0.00013002 HPWL: 3233744480
[InitialPlace]  Iter: 9 CG residual: 0.00015961 HPWL: 3202283350
[InitialPlace]  Iter: 10 CG residual: 0.00013360 HPWL: 3186543143
[InitialPlace]  Iter: 11 CG residual: 0.00014967 HPWL: 3162586791
[InitialPlace]  Iter: 12 CG residual: 0.00015138 HPWL: 3159326506
[InitialPlace]  Iter: 13 CG residual: 0.00013667 HPWL: 3139008120
[InitialPlace]  Iter: 14 CG residual: 0.00013610 HPWL: 3131889881
[InitialPlace]  Iter: 15 CG residual: 0.00013791 HPWL: 3114895973
[InitialPlace]  Iter: 16 CG residual: 0.00015960 HPWL: 3104295720
[InitialPlace]  Iter: 17 CG residual: 0.00013937 HPWL: 3083916738
[InitialPlace]  Iter: 18 CG residual: 0.00009679 HPWL: 3079542616
[InitialPlace]  Iter: 19 CG residual: 0.00005898 HPWL: 3066418066
[InitialPlace]  Iter: 20 CG residual: 0.00006999 HPWL: 3065456271
[INFO GPL-0031] FillerInit:NumGCells:    285606
[INFO GPL-0032] FillerInit:NumGNets:     217541
[INFO GPL-0033] FillerInit:NumGPins:     750428
[INFO GPL-0023] TargetDensity:            0.400
[INFO GPL-0024] AvrgPlaceInstArea:       10.291 um^2
[INFO GPL-0025] IdealBinArea:            25.726 um^2
[INFO GPL-0026] IdealBinCnt:             289366
[INFO GPL-0027] TotalBinArea:        7444384.755 um^2
[INFO GPL-0028] BinCnt:       512    512
[INFO GPL-0029] BinSize: (  5.330  5.329 )
[INFO GPL-0030] NumBins: 262144
[NesterovSolve] Iter:    1 overflow: 0.996 HPWL: 1613461687
[NesterovSolve] Iter:   10 overflow: 0.985 HPWL: 1940782418
[NesterovSolve] Iter:   20 overflow: 0.982 HPWL: 1969360130
[NesterovSolve] Iter:   30 overflow: 0.981 HPWL: 1987258068
[NesterovSolve] Iter:   40 overflow: 0.980 HPWL: 1994085288
[NesterovSolve] Iter:   50 overflow: 0.980 HPWL: 1996760006
[NesterovSolve] Iter:   60 overflow: 0.980 HPWL: 1995601965
[NesterovSolve] Iter:   70 overflow: 0.980 HPWL: 1994850959
[NesterovSolve] Iter:   80 overflow: 0.980 HPWL: 1994036376
[NesterovSolve] Iter:   90 overflow: 0.979 HPWL: 1993613042
[NesterovSolve] Iter:  100 overflow: 0.979 HPWL: 1994705819
[NesterovSolve] Iter:  110 overflow: 0.979 HPWL: 1996871818
[NesterovSolve] Iter:  120 overflow: 0.979 HPWL: 2001649540
[NesterovSolve] Iter:  130 overflow: 0.979 HPWL: 2014595096
[NesterovSolve] Iter:  140 overflow: 0.979 HPWL: 2040675156
[NesterovSolve] Iter:  150 overflow: 0.979 HPWL: 2128838468
[NesterovSolve] Iter:  160 overflow: 0.979 HPWL: 2343815723
[NesterovSolve] Iter:  170 overflow: 0.979 HPWL: 2498875535
[NesterovSolve] Iter:  180 overflow: 0.979 HPWL: 2646569060
[NesterovSolve] Iter:  190 overflow: 0.978 HPWL: 2886202289
[NesterovSolve] Iter:  200 overflow: 0.978 HPWL: 3153618121
[NesterovSolve] Iter:  210 overflow: 0.978 HPWL: 3502810167
[NesterovSolve] Iter:  220 overflow: 0.977 HPWL: 3937735144
[NesterovSolve] Iter:  230 overflow: 0.976 HPWL: 4468588331
[NesterovSolve] Iter:  240 overflow: 0.974 HPWL: 5112965158
[NesterovSolve] Iter:  250 overflow: 0.972 HPWL: 5879144407
[NesterovSolve] Iter:  260 overflow: 0.968 HPWL: 6776755060
[NesterovSolve] Iter:  270 overflow: 0.964 HPWL: 7796372911
[NesterovSolve] Iter:  280 overflow: 0.959 HPWL: 8921568717
[NesterovSolve] Iter:  290 overflow: 0.953 HPWL: 10141114839
[NesterovSolve] Iter:  300 overflow: 0.945 HPWL: 11460197646
[NesterovSolve] Iter:  310 overflow: 0.935 HPWL: 12894591443
[NesterovSolve] Iter:  320 overflow: 0.924 HPWL: 14456837198
[NesterovSolve] Iter:  330 overflow: 0.911 HPWL: 16090983589
[NesterovSolve] Iter:  340 overflow: 0.895 HPWL: 17739503387
[NesterovSolve] Iter:  350 overflow: 0.876 HPWL: 19512922186
[NesterovSolve] Iter:  360 overflow: 0.854 HPWL: 21345244387
[NesterovSolve] Iter:  370 overflow: 0.825 HPWL: 23336911753
[NesterovSolve] Iter:  380 overflow: 0.788 HPWL: 25542369175
[INFO GPL-0100] worst slack 2.29e-09
[INFO GPL-0103] Weighted 21729 nets.
[NesterovSolve] Iter:  390 overflow: 0.736 HPWL: 27639085573
[NesterovSolve] Iter:  400 overflow: 0.692 HPWL: 30357748090
[NesterovSolve] Iter:  410 overflow: 0.666 HPWL: 32793304713
[NesterovSolve] Iter:  420 overflow: 0.635 HPWL: 34807851824
[INFO GPL-0100] worst slack 4.42e-10
[INFO GPL-0103] Weighted 21736 nets.
[NesterovSolve] Snapshot saved at iter = 428
[NesterovSolve] Iter:  430 overflow: 0.592 HPWL: 36873010636
[NesterovSolve] Iter:  440 overflow: 0.560 HPWL: 39203093645
[NesterovSolve] Iter:  450 overflow: 0.535 HPWL: 41064743614
[NesterovSolve] Iter:  460 overflow: 0.510 HPWL: 42514587323
[INFO GPL-0100] worst slack 1.67e-09
[INFO GPL-0103] Weighted 21740 nets.
[NesterovSolve] Iter:  470 overflow: 0.481 HPWL: 43864584877
[NesterovSolve] Iter:  480 overflow: 0.453 HPWL: 44987042347
[NesterovSolve] Iter:  490 overflow: 0.427 HPWL: 45677137930
[NesterovSolve] Iter:  500 overflow: 0.399 HPWL: 46210344370
[NesterovSolve] Iter:  510 overflow: 0.373 HPWL: 46677005888
[NesterovSolve] Iter:  520 overflow: 0.343 HPWL: 46837083772
[NesterovSolve] Iter:  530 overflow: 0.319 HPWL: 46941038308
[NesterovSolve] Iter:  540 overflow: 0.294 HPWL: 47011041835
[INFO GPL-0100] worst slack 2.02e-09
[INFO GPL-0103] Weighted 21743 nets.
[NesterovSolve] Iter:  550 overflow: 0.267 HPWL: 47050927725
[NesterovSolve] Iter:  560 overflow: 0.241 HPWL: 47085824700
[NesterovSolve] Iter:  570 overflow: 0.216 HPWL: 47106096342
[INFO GPL-0100] worst slack 2.04e-09
[INFO GPL-0103] Weighted 21743 nets.
[INFO GPL-0075] Routability numCall: 1 inflationIterCnt: 1 bloatIterCnt: 0
[INFO GPL-0036] TileBBox: (    0    0 ) ( 6900 6900 ) DBU
[INFO GPL-0038] TileCnt:     397  398
[INFO GPL-0039] numRoutingLayers: 6
[INFO GPL-0040] NumTiles: 158006
[INFO GPL-0063] TotalRouteOverflowH2: 149940.05072498322
[INFO GPL-0064] TotalRouteOverflowV2: 46866.63337779045
[INFO GPL-0065] OverflowTileCnt2: 258837
[INFO GPL-0066] 0.5%RC: 6.0586
[INFO GPL-0067] 1.0%RC: 5.6955
[INFO GPL-0068] 2.0%RC: 5.1957
[INFO GPL-0069] 5.0%RC: 4.2314
[INFO GPL-0070] 0.5rcK: 1
[INFO GPL-0071] 1.0rcK: 1
[INFO GPL-0072] 2.0rcK: 0
[INFO GPL-0073] 5.0rcK: 0
[INFO GPL-0074] FinalRC: 5.8770
[INFO GPL-0078] FinalRC lower than minRC (1e+30), min RC updated.
[INFO GPL-0045] InflatedAreaDelta:   1417660.573 um^2
[INFO GPL-0046] TargetDensity:            0.400
[INFO GPL-0049] WhiteSpaceArea:      7304194.051 um^2
[INFO GPL-0050] NesterovInstsArea:   2234171.498 um^2
[INFO GPL-0051] TotalFillerArea:     687506.220 um^2
[INFO GPL-0052] TotalGCellsArea:     2921677.718 um^2
[INFO GPL-0053] ExpectedGCellsArea:  4339338.290 um^2
[INFO GPL-0054] NewTargetDensity:         0.594
[INFO GPL-0055] NewWhiteSpaceArea:   7304194.051 um^2
[INFO GPL-0056] MovableArea:         4339338.314 um^2
[INFO GPL-0057] NewNesterovInstArea: 3651832.071 um^2
[INFO GPL-0058] NewTotalFillerArea:  687506.243 um^2
[INFO GPL-0059] NewTotalGCellsArea:  4339338.314 um^2
[NesterovSolve] Revert back to snapshot coordi
[NesterovSolve] Iter:  580 overflow: 0.569 HPWL: 39960017135
[NesterovSolve] Iter:  590 overflow: 0.414 HPWL: 53177453409
[NesterovSolve] Iter:  600 overflow: 0.461 HPWL: 54158813090
[NesterovSolve] Iter:  610 overflow: 0.479 HPWL: 52242627815
[NesterovSolve] Iter:  620 overflow: 0.483 HPWL: 45646743959
[NesterovSolve] Iter:  630 overflow: 0.414 HPWL: 47057224829
[NesterovSolve] Iter:  640 overflow: 0.403 HPWL: 51297530028
[NesterovSolve] Iter:  650 overflow: 0.415 HPWL: 52166078921
[NesterovSolve] Iter:  660 overflow: 0.406 HPWL: 50484064067
[NesterovSolve] Iter:  670 overflow: 0.380 HPWL: 50567774976
[NesterovSolve] Iter:  680 overflow: 0.366 HPWL: 51577910945
[NesterovSolve] Iter:  690 overflow: 0.355 HPWL: 51396659683
[NesterovSolve] Iter:  700 overflow: 0.337 HPWL: 51150762945
[NesterovSolve] Iter:  710 overflow: 0.320 HPWL: 51326194122
[NesterovSolve] Iter:  720 overflow: 0.299 HPWL: 51121808891
[NesterovSolve] Iter:  730 overflow: 0.279 HPWL: 51100702915
[NesterovSolve] Iter:  740 overflow: 0.253 HPWL: 51001650500
[NesterovSolve] Iter:  750 overflow: 0.229 HPWL: 50944470411
[NesterovSolve] Iter:  760 overflow: 0.205 HPWL: 50901365418
[INFO GPL-0075] Routability numCall: 2 inflationIterCnt: 2 bloatIterCnt: 0
[INFO GPL-0036] TileBBox: (    0    0 ) ( 6900 6900 ) DBU
[INFO GPL-0038] TileCnt:     397  398
[INFO GPL-0039] numRoutingLayers: 6
[INFO GPL-0040] NumTiles: 158006
[INFO GPL-0063] TotalRouteOverflowH2: 161065.1509923935
[INFO GPL-0064] TotalRouteOverflowV2: 52344.43342268467
[INFO GPL-0065] OverflowTileCnt2: 316745
[INFO GPL-0066] 0.5%RC: 5.0228
[INFO GPL-0067] 1.0%RC: 4.7491
[INFO GPL-0068] 2.0%RC: 4.4098
[INFO GPL-0069] 5.0%RC: 3.7965
[INFO GPL-0070] 0.5rcK: 1
[INFO GPL-0071] 1.0rcK: 1
[INFO GPL-0072] 2.0rcK: 0
[INFO GPL-0073] 5.0rcK: 0
[INFO GPL-0074] FinalRC: 4.8859
[INFO GPL-0078] FinalRC lower than minRC (5.8770103), min RC updated.
[INFO GPL-0045] InflatedAreaDelta:   2487114.320 um^2
[INFO GPL-0046] TargetDensity:            0.594
[INFO GPL-0049] WhiteSpaceArea:      7304194.051 um^2
[INFO GPL-0050] NesterovInstsArea:   3651832.071 um^2
[INFO GPL-0051] TotalFillerArea:     687506.243 um^2
[INFO GPL-0052] TotalGCellsArea:     4339338.314 um^2
[INFO GPL-0053] ExpectedGCellsArea:  6826452.634 um^2
[INFO GPL-0054] NewTargetDensity:         0.935
[INFO GPL-0055] NewWhiteSpaceArea:   7304194.051 um^2
[INFO GPL-0056] MovableArea:         6826452.582 um^2
[INFO GPL-0057] NewNesterovInstArea: 6138946.391 um^2
[INFO GPL-0058] NewTotalFillerArea:  687506.191 um^2
[INFO GPL-0059] NewTotalGCellsArea:  6826452.582 um^2
[NesterovSolve] Revert back to snapshot coordi
[NesterovSolve] Iter:  770 overflow: 0.247 HPWL: 100906522075
[NesterovSolve] Iter:  780 overflow: 0.308 HPWL: 73655285177
[NesterovSolve] Iter:  790 overflow: 0.307 HPWL: 66214575486
[NesterovSolve] Iter:  800 overflow: 0.277 HPWL: 66038960587
[NesterovSolve] Iter:  810 overflow: 0.290 HPWL: 60912235638
[NesterovSolve] Iter:  820 overflow: 0.280 HPWL: 60006929073
[NesterovSolve] Iter:  830 overflow: 0.311 HPWL: 56665170381
[NesterovSolve] Iter:  840 overflow: 0.325 HPWL: 55815171080
[NesterovSolve] Iter:  850 overflow: 0.316 HPWL: 55543675508
[NesterovSolve] Iter:  860 overflow: 0.301 HPWL: 55248861540
[NesterovSolve] Iter:  870 overflow: 0.283 HPWL: 55041091403
[NesterovSolve] Iter:  880 overflow: 0.261 HPWL: 54848470893
[NesterovSolve] Iter:  890 overflow: 0.238 HPWL: 54686367192
[NesterovSolve] Iter:  900 overflow: 0.214 HPWL: 54558272688
[INFO GPL-0075] Routability numCall: 3 inflationIterCnt: 3 bloatIterCnt: 0
[INFO GPL-0036] TileBBox: (    0    0 ) ( 6900 6900 ) DBU
[INFO GPL-0038] TileCnt:     397  398
[INFO GPL-0039] numRoutingLayers: 6
[INFO GPL-0040] NumTiles: 158006
[INFO GPL-0063] TotalRouteOverflowH2: 169238.20110702515
[INFO GPL-0064] TotalRouteOverflowV2: 56766.933540701866
[INFO GPL-0065] OverflowTileCnt2: 360018
[INFO GPL-0066] 0.5%RC: 4.0182
[INFO GPL-0067] 1.0%RC: 3.8522
[INFO GPL-0068] 2.0%RC: 3.6618
[INFO GPL-0069] 5.0%RC: 3.3956
[INFO GPL-0070] 0.5rcK: 1
[INFO GPL-0071] 1.0rcK: 1
[INFO GPL-0072] 2.0rcK: 0
[INFO GPL-0073] 5.0rcK: 0
[INFO GPL-0074] FinalRC: 3.9352
[INFO GPL-0078] FinalRC lower than minRC (4.8859463), min RC updated.
[INFO GPL-0045] InflatedAreaDelta:   4487185.767 um^2
[INFO GPL-0046] TargetDensity:            0.935
Revert Routability Procedure. Target density higher than max, or minRC max violations.
[INFO GPL-0080] minRcViolatedCnt: 0
[INFO GPL-0047] SavedMinRC: 3.9352
[INFO GPL-0048] SavedTargetDensity: 0.9346
[NesterovSolve] Revert back to snapshot coordi
[NesterovSolve] Iter:  910 overflow: 0.392 HPWL: 56910125542
[NesterovSolve] Iter:  920 overflow: 0.277 HPWL: 77843474087
[NesterovSolve] Iter:  930 overflow: 0.340 HPWL: 65531204889
[NesterovSolve] Iter:  940 overflow: 0.267 HPWL: 67796636925
[NesterovSolve] Iter:  950 overflow: 0.294 HPWL: 61817851034
[NesterovSolve] Iter:  960 overflow: 0.278 HPWL: 60421493331
[NesterovSolve] Iter:  970 overflow: 0.298 HPWL: 57941369437
[NesterovSolve] Iter:  980 overflow: 0.324 HPWL: 55842631758
[NesterovSolve] Iter:  990 overflow: 0.319 HPWL: 55679106913
[NesterovSolve] Iter: 1000 overflow: 0.307 HPWL: 55290350075
[NesterovSolve] Iter: 1010 overflow: 0.289 HPWL: 55117450789
[NesterovSolve] Iter: 1020 overflow: 0.268 HPWL: 54895923751
[NesterovSolve] Iter: 1030 overflow: 0.246 HPWL: 54726032875
[NesterovSolve] Iter: 1040 overflow: 0.221 HPWL: 54595404340
[NesterovSolve] Iter: 1050 overflow: 0.197 HPWL: 54489270460
[NesterovSolve] Iter: 1060 overflow: 0.175 HPWL: 54413927916
[NesterovSolve] Iter: 1070 overflow: 0.154 HPWL: 54364156328
[INFO GPL-0100] worst slack 1.62e-09
[INFO GPL-0103] Weighted 21743 nets.
[NesterovSolve] Iter: 1080 overflow: 0.135 HPWL: 54335415743
[NesterovSolve] Iter: 1090 overflow: 0.119 HPWL: 54322274857
[NesterovSolve] Iter: 1100 overflow: 0.104 HPWL: 54320556427
[NesterovSolve] Finished with Overflow: 0.099943
Setting global connections for newly added cells…
Writing OpenROAD database to '/openlane/designs/t4nfc/runs/RUN_2025.07.12_09.35.54/tmp/placement/7-global.odb'…
Writing netlist to '/openlane/designs/t4nfc/runs/RUN_2025.07.12_09.35.54/tmp/placement/7-global.nl.v'…
Writing powered netlist to '/openlane/designs/t4nfc/runs/RUN_2025.07.12_09.35.54/tmp/placement/7-global.pnl.v'…
Writing layout to '/openlane/designs/t4nfc/runs/RUN_2025.07.12_09.35.54/tmp/placement/7-global.def'…
