
77. Printing statistics.

=== SharedKESTop ===

   Number of wires:              42436
   Number of wire bits:          46544
   Number of public wires:        6737
   Number of public wire bits:   10845
   Number of memories:               0
   Number of memory bits:            0
   Number of processes:              0
   Number of cells:              43930
     sky130_fd_sc_hd__a2111o_2       5
     sky130_fd_sc_hd__a211o_2      916
     sky130_fd_sc_hd__a211oi_2     118
     sky130_fd_sc_hd__a21bo_2       74
     sky130_fd_sc_hd__a21boi_2      19
     sky130_fd_sc_hd__a21o_2      1662
     sky130_fd_sc_hd__a21oi_2      533
     sky130_fd_sc_hd__a221o_2      301
     sky130_fd_sc_hd__a22o_2      4542
     sky130_fd_sc_hd__a22oi_2     1193
     sky130_fd_sc_hd__a2bb2o_2      21
     sky130_fd_sc_hd__a2bb2oi_2      5
     sky130_fd_sc_hd__a31o_2        54
     sky130_fd_sc_hd__a31oi_2       24
     sky130_fd_sc_hd__a32o_2       571
     sky130_fd_sc_hd__a41o_2        19
     sky130_fd_sc_hd__and2_2      3125
     sky130_fd_sc_hd__and2b_2      392
     sky130_fd_sc_hd__and3_2       487
     sky130_fd_sc_hd__and3b_2       14
     sky130_fd_sc_hd__and4_2      1334
     sky130_fd_sc_hd__and4b_2        1
     sky130_fd_sc_hd__and4bb_2      10
     sky130_fd_sc_hd__buf_1       7666
     sky130_fd_sc_hd__conb_1        40
     sky130_fd_sc_hd__dfxtp_2     8191
     sky130_fd_sc_hd__inv_2        145
     sky130_fd_sc_hd__mux2_2       396
     sky130_fd_sc_hd__mux4_2        56
     sky130_fd_sc_hd__nand2_2     1798
     sky130_fd_sc_hd__nand2b_2       3
     sky130_fd_sc_hd__nand3_2      235
     sky130_fd_sc_hd__nand3b_2      17
     sky130_fd_sc_hd__nand4_2     1116
     sky130_fd_sc_hd__nand4b_2       1
     sky130_fd_sc_hd__nor2_2       886
     sky130_fd_sc_hd__nor2b_2        1
     sky130_fd_sc_hd__nor3_2        10
     sky130_fd_sc_hd__nor3b_2        4
     sky130_fd_sc_hd__nor4_2        13
     sky130_fd_sc_hd__nor4b_2        1
     sky130_fd_sc_hd__o2111a_2       3
     sky130_fd_sc_hd__o211a_2     1726
     sky130_fd_sc_hd__o211ai_2     256
     sky130_fd_sc_hd__o21a_2       220
     sky130_fd_sc_hd__o21ai_2      131
     sky130_fd_sc_hd__o21ba_2       12
     sky130_fd_sc_hd__o21bai_2       5
     sky130_fd_sc_hd__o221a_2       12
     sky130_fd_sc_hd__o221ai_2       1
     sky130_fd_sc_hd__o22a_2       264
     sky130_fd_sc_hd__o22ai_2       59
     sky130_fd_sc_hd__o2bb2a_2      58
     sky130_fd_sc_hd__o311a_2        4
     sky130_fd_sc_hd__o31a_2        13
     sky130_fd_sc_hd__o31ai_2        4
     sky130_fd_sc_hd__o41a_2         3
     sky130_fd_sc_hd__or2_2        677
     sky130_fd_sc_hd__or2b_2       227
     sky130_fd_sc_hd__or3_2         64
     sky130_fd_sc_hd__or3b_2        16
     sky130_fd_sc_hd__or4_2        325
     sky130_fd_sc_hd__or4b_2        28
     sky130_fd_sc_hd__or4bb_2       21
     sky130_fd_sc_hd__xnor2_2     3337
     sky130_fd_sc_hd__xor2_2       465

   Chip area for module '\SharedKESTop': 489956.156800

