
97. Printing statistics.

=== BCHSCCS ===

   Number of wires:             198953
   Number of wire bits:         200340
   Number of public wires:       44863
   Number of public wire bits:   46250
   Number of memories:               0
   Number of memory bits:            0
   Number of processes:              0
   Number of cells:             199752
     sky130_fd_sc_hd__a2111o_2      46
     sky130_fd_sc_hd__a2111oi_2      4
     sky130_fd_sc_hd__a211o_2      963
     sky130_fd_sc_hd__a211oi_2      30
     sky130_fd_sc_hd__a21bo_2       10
     sky130_fd_sc_hd__a21boi_2       6
     sky130_fd_sc_hd__a21o_2      1486
     sky130_fd_sc_hd__a21oi_2      428
     sky130_fd_sc_hd__a221o_2     7603
     sky130_fd_sc_hd__a221oi_2      14
     sky130_fd_sc_hd__a22o_2      9848
     sky130_fd_sc_hd__a22oi_2       37
     sky130_fd_sc_hd__a2bb2o_2      61
     sky130_fd_sc_hd__a2bb2oi_2      1
     sky130_fd_sc_hd__a311o_2      182
     sky130_fd_sc_hd__a311oi_2       9
     sky130_fd_sc_hd__a31o_2       759
     sky130_fd_sc_hd__a31oi_2        4
     sky130_fd_sc_hd__a32o_2       258
     sky130_fd_sc_hd__a41o_2        11
     sky130_fd_sc_hd__and2_2      1303
     sky130_fd_sc_hd__and2b_2       18
     sky130_fd_sc_hd__and3_2       714
     sky130_fd_sc_hd__and3b_2       37
     sky130_fd_sc_hd__and4_2       122
     sky130_fd_sc_hd__and4b_2       25
     sky130_fd_sc_hd__and4bb_2      13
     sky130_fd_sc_hd__buf_1      58017
     sky130_fd_sc_hd__buf_2         28
     sky130_fd_sc_hd__dfrtp_2      498
     sky130_fd_sc_hd__dfstp_2        5
     sky130_fd_sc_hd__dfxtp_2    45107
     sky130_fd_sc_hd__inv_2        665
     sky130_fd_sc_hd__mux2_2     43279
     sky130_fd_sc_hd__mux4_2      2148
     sky130_fd_sc_hd__nand2_2     3131
     sky130_fd_sc_hd__nand2b_2       2
     sky130_fd_sc_hd__nand3_2       27
     sky130_fd_sc_hd__nand3b_2      18
     sky130_fd_sc_hd__nand4_2        7
     sky130_fd_sc_hd__nor2_2      1382
     sky130_fd_sc_hd__nor2b_2        3
     sky130_fd_sc_hd__nor3_2        59
     sky130_fd_sc_hd__nor3b_2        3
     sky130_fd_sc_hd__nor4_2        10
     sky130_fd_sc_hd__o2111a_2      20
     sky130_fd_sc_hd__o2111ai_2      4
     sky130_fd_sc_hd__o211a_2     1955
     sky130_fd_sc_hd__o211ai_2      31
     sky130_fd_sc_hd__o21a_2      1178
     sky130_fd_sc_hd__o21a_4         1
     sky130_fd_sc_hd__o21ai_2      281
     sky130_fd_sc_hd__o21ba_2       11
     sky130_fd_sc_hd__o21bai_2      40
     sky130_fd_sc_hd__o221a_2      956
     sky130_fd_sc_hd__o22a_2      1111
     sky130_fd_sc_hd__o22ai_2        2
     sky130_fd_sc_hd__o2bb2a_2     254
     sky130_fd_sc_hd__o311a_2      201
     sky130_fd_sc_hd__o311ai_2       1
     sky130_fd_sc_hd__o31a_2       134
     sky130_fd_sc_hd__o31ai_2       24
     sky130_fd_sc_hd__o32a_2        38
     sky130_fd_sc_hd__o41a_2        19
     sky130_fd_sc_hd__or2_2       2652
     sky130_fd_sc_hd__or2b_2        92
     sky130_fd_sc_hd__or3_2        471
     sky130_fd_sc_hd__or3b_2        64
     sky130_fd_sc_hd__or4_2        303
     sky130_fd_sc_hd__or4b_2        41
     sky130_fd_sc_hd__or4bb_2        5
     sky130_fd_sc_hd__xnor2_2     8833
     sky130_fd_sc_hd__xnor2_4       10
     sky130_fd_sc_hd__xor2_2      2632
     sky130_fd_sc_hd__xor2_4         7

   Chip area for module '\BCHSCCS': 2275338.480002

