Sat Jul 05 11:28:19 +0000 2025 - Executing "{openroad -exit -no_init -python /openlane/scripts/odbpy/lefutil.py get_metal_layers -o /openlane/designs/spm/runs/RUN_2025.07.05_11.28.18/tmp/layers.list /data-ssd/home/zihanxu/.volare/sky130A/libs.ref/sky130_fd_sc_hd/techlef/sky130_fd_sc_hd__nom.tlef}"

Sat Jul 05 11:28:20 +0000 2025 - Executing "{/openlane/scripts/mergeLef.py -o /openlane/designs/spm/runs/RUN_2025.07.05_11.28.18/tmp/merged.nom.lef -i /data-ssd/home/zihanxu/.volare/sky130A/libs.ref/sky130_fd_sc_hd/techlef/sky130_fd_sc_hd__nom.tlef {/data-ssd/home/zihanxu/.volare/sky130A/libs.ref/sky130_fd_sc_hd/lef/sky130_fd_sc_hd.lef /data-ssd/home/zihanxu/.volare/sky130A/libs.ref/sky130_fd_sc_hd/lef/sky130_ef_sc_hd.lef} |& tee /dev/null}"

Sat Jul 05 11:28:20 +0000 2025 - Executing "{/openlane/scripts/mergeLef.py -o /openlane/designs/spm/runs/RUN_2025.07.05_11.28.18/tmp/merged.min.lef -i /data-ssd/home/zihanxu/.volare/sky130A/libs.ref/sky130_fd_sc_hd/techlef/sky130_fd_sc_hd__min.tlef {/data-ssd/home/zihanxu/.volare/sky130A/libs.ref/sky130_fd_sc_hd/lef/sky130_fd_sc_hd.lef /data-ssd/home/zihanxu/.volare/sky130A/libs.ref/sky130_fd_sc_hd/lef/sky130_ef_sc_hd.lef} |& tee /dev/null}"

Sat Jul 05 11:28:20 +0000 2025 - Executing "{/openlane/scripts/mergeLef.py -o /openlane/designs/spm/runs/RUN_2025.07.05_11.28.18/tmp/merged.max.lef -i /data-ssd/home/zihanxu/.volare/sky130A/libs.ref/sky130_fd_sc_hd/techlef/sky130_fd_sc_hd__max.tlef {/data-ssd/home/zihanxu/.volare/sky130A/libs.ref/sky130_fd_sc_hd/lef/sky130_fd_sc_hd.lef /data-ssd/home/zihanxu/.volare/sky130A/libs.ref/sky130_fd_sc_hd/lef/sky130_ef_sc_hd.lef} |& tee /dev/null}"

Sat Jul 05 11:28:20 +0000 2025 - Executing "{python3 /openlane/scripts/mergeLib.py --output /openlane/designs/spm/runs/RUN_2025.07.05_11.28.18/tmp/synthesis/merged.lib --name sky130A_merged /data-ssd/home/zihanxu/.volare/sky130A/libs.ref/sky130_fd_sc_hd/lib/sky130_fd_sc_hd__tt_025C_1v80.lib}"

Sat Jul 05 11:28:21 +0000 2025 - Executing "{python3 /openlane/scripts/libtrim.py --cell-file /openlane/designs/spm/runs/RUN_2025.07.05_11.28.18/tmp/synthesis/trimmed.lib.exclude.list --output /openlane/designs/spm/runs/RUN_2025.07.05_11.28.18/tmp/synthesis/trimmed.lib /openlane/designs/spm/runs/RUN_2025.07.05_11.28.18/tmp/synthesis/merged.lib}"

Sat Jul 05 11:28:21 +0000 2025 - Executing "{python3 /openlane/scripts/libtrim.py --cell-file /openlane/designs/spm/runs/RUN_2025.07.05_11.28.18/tmp/cts/cts.lib.exclude.list --output /openlane/designs/spm/runs/RUN_2025.07.05_11.28.18/tmp/cts/cts.lib /data-ssd/home/zihanxu/.volare/sky130A/libs.ref/sky130_fd_sc_hd/lib/sky130_fd_sc_hd__tt_025C_1v80.lib}"

Sat Jul 05 11:28:21 +0000 2025 - Executing "{python3 /openlane/scripts/libtrim.py --cell-file /openlane/designs/spm/runs/RUN_2025.07.05_11.28.18/tmp/cts/cts-fastest.lib.exclude.list --output /openlane/designs/spm/runs/RUN_2025.07.05_11.28.18/tmp/cts/cts-fastest.lib /data-ssd/home/zihanxu/.volare/sky130A/libs.ref/sky130_fd_sc_hd/lib/sky130_fd_sc_hd__ff_n40C_1v95.lib}"

Sat Jul 05 11:28:22 +0000 2025 - Executing "{python3 /openlane/scripts/libtrim.py --cell-file /openlane/designs/spm/runs/RUN_2025.07.05_11.28.18/tmp/cts/cts-slowest.lib.exclude.list --output /openlane/designs/spm/runs/RUN_2025.07.05_11.28.18/tmp/cts/cts-slowest.lib /data-ssd/home/zihanxu/.volare/sky130A/libs.ref/sky130_fd_sc_hd/lib/sky130_fd_sc_hd__ss_100C_1v60.lib}"

Sat Jul 05 11:28:22 +0000 2025 - Executing "{python3 /openlane/scripts/new_tracks.py -i /data-ssd/home/zihanxu/.volare/sky130A/libs.tech/openlane/sky130_fd_sc_hd/tracks.info -o /openlane/designs/spm/runs/RUN_2025.07.05_11.28.18/tmp/routing/config.tracks}"

Sat Jul 05 11:28:22 +0000 2025 - Executing "{echo {OpenLane c924ddae52c92d51c587ce4c4f06b4a0efd4f4ac} > /openlane/designs/spm/runs/RUN_2025.07.05_11.28.18/OPENLANE_COMMIT}"

Sat Jul 05 11:28:22 +0000 2025 - Executing "{yosys -c /openlane/scripts/yosys/blackbox.tcl}"

Sat Jul 05 11:28:23 +0000 2025 - Executing "{verilator -Wall --lint-only --Wno-DECLFILENAME --top-module spm /openlane/designs/spm/runs/RUN_2025.07.05_11.28.18/tmp/synthesis/blackbox/sky130_fd_sc_hd__blackbox.v /openlane/designs/spm/src/spm.v /openlane/designs/spm/src/asd.v -Wno-fatal --relative-includes |& tee /openlane/designs/spm/runs/RUN_2025.07.05_11.28.18/logs/synthesis/linter.log /dev/null}"

Sat Jul 05 11:28:23 +0000 2025 - Executing "{sed -E {s/^([[:space:]]+)pg_pin(.*)/\1pin\2\n\1    direction : "inout";/g} /data-ssd/home/zihanxu/.volare/sky130A/libs.ref/sky130_fd_sc_hd/lib/sky130_fd_sc_hd__tt_025C_1v80.lib > /openlane/designs/spm/runs/RUN_2025.07.05_11.28.18/tmp/synthesis/1-sky130_fd_sc_hd__tt_025C_1v80.no_pg.lib}"

Sat Jul 05 11:28:23 +0000 2025 - Executing "{sed -E {s/^([[:space:]]+)pg_pin(.*)/\1pin\2\n\1    direction : "inout";/g} /openlane/designs/spm/runs/RUN_2025.07.05_11.28.18/tmp/synthesis/trimmed.lib > /openlane/designs/spm/runs/RUN_2025.07.05_11.28.18/tmp/synthesis/1-trimmed.no_pg.lib}"

Sat Jul 05 11:28:24 +0000 2025 - Executing "yosys -c /openlane/scripts/yosys/synth.tcl |& tee /dev/null /openlane/designs/spm/runs/RUN_2025.07.05_11.28.18/logs/synthesis/1-synthesis.log"

Sat Jul 05 11:28:24 +0000 2025 - Executing "{yosys -c /openlane/scripts/yosys/synth.tcl |& tee /dev/null /openlane/designs/spm/runs/RUN_2025.07.05_11.28.18/logs/synthesis/1-synthesis.log}"

Sat Jul 05 11:28:25 +0000 2025 - Executing "{sed -i.bak -e {s/\(set ::env(CURRENT_NETLIST)\).*/\1 \/openlane\/designs\/spm\/runs\/RUN_2025.07.05_11.28.18\/results\/synthesis\/spm.v/} /openlane/designs/spm/runs/RUN_2025.07.05_11.28.18/config.tcl}"

Sat Jul 05 11:28:25 +0000 2025 - Executing "{sed -i.bak /defparam/d /openlane/designs/spm/runs/RUN_2025.07.05_11.28.18/results/synthesis/spm.v}"

Sat Jul 05 11:28:26 +0000 2025 - Executing "sta -exit -no_init /openlane/scripts/openroad/sta/multi_corner.tcl |& tee /dev/null /openlane/designs/spm/runs/RUN_2025.07.05_11.28.18/logs/synthesis/2-sta.log"

Sat Jul 05 11:28:26 +0000 2025 - Executing "{sta -exit -no_init /openlane/scripts/openroad/sta/multi_corner.tcl |& tee /dev/null /openlane/designs/spm/runs/RUN_2025.07.05_11.28.18/logs/synthesis/2-sta.log}"

Sat Jul 05 11:28:27 +0000 2025 - Executing "openroad -exit /openlane/scripts/openroad/floorplan.tcl |& tee /dev/null /openlane/designs/spm/runs/RUN_2025.07.05_11.28.18/logs/floorplan/3-initial_fp.log"

Sat Jul 05 11:28:27 +0000 2025 - Executing "{openroad -exit /openlane/scripts/openroad/floorplan.tcl |& tee /dev/null /openlane/designs/spm/runs/RUN_2025.07.05_11.28.18/logs/floorplan/3-initial_fp.log}"

Sat Jul 05 11:28:28 +0000 2025 - Executing "{openroad -exit -no_init -python /openlane/scripts/odbpy/defutil.py extract_core_dims --output-data /openlane/designs/spm/runs/RUN_2025.07.05_11.28.18/tmp/dimensions.txt --input-lef /openlane/designs/spm/runs/RUN_2025.07.05_11.28.18/tmp/merged.nom.lef /openlane/designs/spm/runs/RUN_2025.07.05_11.28.18/tmp/floorplan/3-initial_fp.def}"

Sat Jul 05 11:28:28 +0000 2025 - Executing "{openroad -exit -no_init -python /openlane/scripts/odbpy/io_place.py --config /openlane/designs/spm/pin_order.cfg --hor-layer met3 --ver-layer met2 --ver-width-mult 2 --hor-width-mult 2 --hor-extension 0 --ver-extension 0 --length 4 --unmatched-error --input-lef /openlane/designs/spm/runs/RUN_2025.07.05_11.28.18/tmp/merged.nom.lef --output-def /openlane/designs/spm/runs/RUN_2025.07.05_11.28.18/tmp/floorplan/4-io.def --output /openlane/designs/spm/runs/RUN_2025.07.05_11.28.18/tmp/floorplan/4-io.odb /openlane/designs/spm/runs/RUN_2025.07.05_11.28.18/tmp/floorplan/3-initial_fp.odb |& tee /dev/null /openlane/designs/spm/runs/RUN_2025.07.05_11.28.18/logs/floorplan/4-place_io.log}"

Sat Jul 05 11:28:29 +0000 2025 - Executing "openroad -exit /openlane/scripts/openroad/tapcell.tcl |& tee /dev/null /openlane/designs/spm/runs/RUN_2025.07.05_11.28.18/logs/floorplan/5-tap.log"

Sat Jul 05 11:28:29 +0000 2025 - Executing "{openroad -exit /openlane/scripts/openroad/tapcell.tcl |& tee /dev/null /openlane/designs/spm/runs/RUN_2025.07.05_11.28.18/logs/floorplan/5-tap.log}"

Sat Jul 05 11:28:30 +0000 2025 - Executing "openroad -exit /openlane/scripts/openroad/pdn.tcl |& tee /dev/null /openlane/designs/spm/runs/RUN_2025.07.05_11.28.18/logs/floorplan/6-pdn.log"

Sat Jul 05 11:28:31 +0000 2025 - Executing "{openroad -exit /openlane/scripts/openroad/pdn.tcl |& tee /dev/null /openlane/designs/spm/runs/RUN_2025.07.05_11.28.18/logs/floorplan/6-pdn.log}"

Sat Jul 05 11:28:32 +0000 2025 - Executing "openroad -exit /openlane/scripts/openroad/gpl.tcl |& tee /dev/null /openlane/designs/spm/runs/RUN_2025.07.05_11.28.18/logs/placement/6-global.log"

Sat Jul 05 11:28:32 +0000 2025 - Executing "{openroad -exit /openlane/scripts/openroad/gpl.tcl |& tee /dev/null /openlane/designs/spm/runs/RUN_2025.07.05_11.28.18/logs/placement/6-global.log}"

Sat Jul 05 11:28:33 +0000 2025 - Executing "{sed -i.bak -e {s/\(set ::env(CURRENT_NETLIST)\).*/\1 \/openlane\/designs\/spm\/runs\/RUN_2025.07.05_11.28.18\/tmp\/placement\/7-global.nl.v/} /openlane/designs/spm/runs/RUN_2025.07.05_11.28.18/config.tcl}"

Sat Jul 05 11:28:34 +0000 2025 - Executing "openroad -exit /openlane/scripts/openroad/sta/multi_corner.tcl |& tee /dev/null /openlane/designs/spm/runs/RUN_2025.07.05_11.28.18/logs/placement/8-gpl_sta.log"

Sat Jul 05 11:28:34 +0000 2025 - Executing "{openroad -exit /openlane/scripts/openroad/sta/multi_corner.tcl |& tee /dev/null /openlane/designs/spm/runs/RUN_2025.07.05_11.28.18/logs/placement/8-gpl_sta.log}"

Sat Jul 05 11:28:35 +0000 2025 - Executing "openroad -exit /openlane/scripts/openroad/resizer.tcl |& tee /dev/null /openlane/designs/spm/runs/RUN_2025.07.05_11.28.18/logs/placement/9-resizer.log"

Sat Jul 05 11:28:35 +0000 2025 - Executing "{openroad -exit /openlane/scripts/openroad/resizer.tcl |& tee /dev/null /openlane/designs/spm/runs/RUN_2025.07.05_11.28.18/logs/placement/9-resizer.log}"

Sat Jul 05 11:28:37 +0000 2025 - Executing "{sed -i.bak -e {s/\(set ::env(CURRENT_NETLIST)\).*/\1 \/openlane\/designs\/spm\/runs\/RUN_2025.07.05_11.28.18\/tmp\/placement\/9-resizer.nl.v/} /openlane/designs/spm/runs/RUN_2025.07.05_11.28.18/config.tcl}"

Sat Jul 05 11:28:38 +0000 2025 - Executing "openroad -exit /openlane/scripts/openroad/dpl.tcl |& tee /dev/null /openlane/designs/spm/runs/RUN_2025.07.05_11.28.18/logs/placement/10-detailed.log"

Sat Jul 05 11:28:38 +0000 2025 - Executing "{openroad -exit /openlane/scripts/openroad/dpl.tcl |& tee /dev/null /openlane/designs/spm/runs/RUN_2025.07.05_11.28.18/logs/placement/10-detailed.log}"

Sat Jul 05 11:28:39 +0000 2025 - Executing "{sed -i.bak -e {s/\(set ::env(CURRENT_NETLIST)\).*/\1 \/openlane\/designs\/spm\/runs\/RUN_2025.07.05_11.28.18\/results\/placement\/spm.nl.v/} /openlane/designs/spm/runs/RUN_2025.07.05_11.28.18/config.tcl}"

Sat Jul 05 11:28:39 +0000 2025 - Executing "openroad -exit /openlane/scripts/openroad/sta/multi_corner.tcl |& tee /dev/null /openlane/designs/spm/runs/RUN_2025.07.05_11.28.18/logs/placement/11-dpl_sta.log"

Sat Jul 05 11:28:39 +0000 2025 - Executing "{openroad -exit /openlane/scripts/openroad/sta/multi_corner.tcl |& tee /dev/null /openlane/designs/spm/runs/RUN_2025.07.05_11.28.18/logs/placement/11-dpl_sta.log}"

Sat Jul 05 11:28:40 +0000 2025 - Executing "openroad -exit /openlane/scripts/openroad/cts.tcl |& tee /dev/null /openlane/designs/spm/runs/RUN_2025.07.05_11.28.18/logs/cts/12-cts.log"

Sat Jul 05 11:28:40 +0000 2025 - Executing "{openroad -exit /openlane/scripts/openroad/cts.tcl |& tee /dev/null /openlane/designs/spm/runs/RUN_2025.07.05_11.28.18/logs/cts/12-cts.log}"

