[INFO]: Run Directory: /openlane/designs/spm/runs/RUN_2025.07.05_11.28.18
[INFO]: Saving runtime environment...
[INFO]: Preparing LEF files for the nom corner...
[INFO]: Preparing LEF files for the min corner...
[INFO]: Preparing LEF files for the max corner...
[INFO]: Running linter (Verilator) (log: designs/spm/runs/RUN_2025.07.05_11.28.18/logs/synthesis/linter.log)...
[INFO]: 0 errors found by linter
[WARNING]: 439 warnings found by linter
[INFO]: Running Synthesis (log: designs/spm/runs/RUN_2025.07.05_11.28.18/logs/synthesis/1-synthesis.log)...
[INFO]: Running Single-Corner Static Timing Analysis (log: designs/spm/runs/RUN_2025.07.05_11.28.18/logs/synthesis/2-sta.log)...
[INFO]: Running Initial Floorplanning (log: designs/spm/runs/RUN_2025.07.05_11.28.18/logs/floorplan/3-initial_fp.log)...
[INFO]: Floorplanned with width 85.56 and height 84.32.
[INFO]: Running IO Placement (log: designs/spm/runs/RUN_2025.07.05_11.28.18/logs/floorplan/4-place_io.log)...
[INFO]: Running Tap/Decap Insertion (log: designs/spm/runs/RUN_2025.07.05_11.28.18/logs/floorplan/5-tap.log)...
[INFO]: Power planning with power {VPWR} and ground {VGND}...
[INFO]: Generating PDN (log: designs/spm/runs/RUN_2025.07.05_11.28.18/logs/floorplan/6-pdn.log)...
[INFO]: Running Global Placement (log: designs/spm/runs/RUN_2025.07.05_11.28.18/logs/placement/6-global.log)...
[INFO]: Running Single-Corner Static Timing Analysis (log: designs/spm/runs/RUN_2025.07.05_11.28.18/logs/placement/8-gpl_sta.log)...
[INFO]: Running Placement Resizer Design Optimizations (log: designs/spm/runs/RUN_2025.07.05_11.28.18/logs/placement/9-resizer.log)...
[INFO]: Running Detailed Placement (log: designs/spm/runs/RUN_2025.07.05_11.28.18/logs/placement/10-detailed.log)...
[INFO]: Running Single-Corner Static Timing Analysis (log: designs/spm/runs/RUN_2025.07.05_11.28.18/logs/placement/11-dpl_sta.log)...
[INFO]: Running Clock Tree Synthesis (log: designs/spm/runs/RUN_2025.07.05_11.28.18/logs/cts/12-cts.log)...
