
99. Printing statistics.

=== FMCTop ===

   Number of wires:             216637
   Number of wire bits:         217541
   Number of public wires:       37299
   Number of public wire bits:   38203
   Number of memories:               0
   Number of memory bits:            0
   Number of processes:              0
   Number of cells:             217108
     sky130_fd_sc_hd__a2111o_2      66
     sky130_fd_sc_hd__a211o_2     3282
     sky130_fd_sc_hd__a211oi_2      26
     sky130_fd_sc_hd__a21bo_2     7327
     sky130_fd_sc_hd__a21boi_2      27
     sky130_fd_sc_hd__a21o_2     11453
     sky130_fd_sc_hd__a21oi_2    14411
     sky130_fd_sc_hd__a221o_2     3673
     sky130_fd_sc_hd__a221oi_2      23
     sky130_fd_sc_hd__a22o_2      3978
     sky130_fd_sc_hd__a22oi_2       48
     sky130_fd_sc_hd__a2bb2o_2      57
     sky130_fd_sc_hd__a311o_2     1627
     sky130_fd_sc_hd__a311oi_2       4
     sky130_fd_sc_hd__a31o_2      1971
     sky130_fd_sc_hd__a31oi_2       52
     sky130_fd_sc_hd__a32o_2       330
     sky130_fd_sc_hd__a41o_2        12
     sky130_fd_sc_hd__a41oi_2        1
     sky130_fd_sc_hd__and2_2       927
     sky130_fd_sc_hd__and2b_2       49
     sky130_fd_sc_hd__and3_2       346
     sky130_fd_sc_hd__and3b_2      105
     sky130_fd_sc_hd__and4_2        61
     sky130_fd_sc_hd__and4b_2       24
     sky130_fd_sc_hd__and4bb_2      14
     sky130_fd_sc_hd__buf_1      57145
     sky130_fd_sc_hd__buf_2        133
     sky130_fd_sc_hd__conb_1       105
     sky130_fd_sc_hd__dfxtp_2    37428
     sky130_fd_sc_hd__inv_2        678
     sky130_fd_sc_hd__mux2_2     42040
     sky130_fd_sc_hd__mux4_2       672
     sky130_fd_sc_hd__nand2_2     2617
     sky130_fd_sc_hd__nand2b_2       8
     sky130_fd_sc_hd__nand3_2       24
     sky130_fd_sc_hd__nand3b_2       9
     sky130_fd_sc_hd__nand4_2        7
     sky130_fd_sc_hd__nand4b_2       1
     sky130_fd_sc_hd__nor2_2      1641
     sky130_fd_sc_hd__nor2b_2        2
     sky130_fd_sc_hd__nor3_2        23
     sky130_fd_sc_hd__nor3b_2        7
     sky130_fd_sc_hd__nor4_2         8
     sky130_fd_sc_hd__o2111a_2      56
     sky130_fd_sc_hd__o2111ai_2      2
     sky130_fd_sc_hd__o211a_2     5680
     sky130_fd_sc_hd__o211ai_2      24
     sky130_fd_sc_hd__o21a_2       940
     sky130_fd_sc_hd__o21ai_2      795
     sky130_fd_sc_hd__o21ba_2       50
     sky130_fd_sc_hd__o21bai_2       7
     sky130_fd_sc_hd__o221a_2     2076
     sky130_fd_sc_hd__o221ai_2       4
     sky130_fd_sc_hd__o22a_2       177
     sky130_fd_sc_hd__o22ai_2       10
     sky130_fd_sc_hd__o2bb2a_2     526
     sky130_fd_sc_hd__o311a_2     1169
     sky130_fd_sc_hd__o31a_2      7641
     sky130_fd_sc_hd__o31ai_2       20
     sky130_fd_sc_hd__o32a_2        76
     sky130_fd_sc_hd__o32ai_2        4
     sky130_fd_sc_hd__o41a_2         3
     sky130_fd_sc_hd__o41ai_2        1
     sky130_fd_sc_hd__or2_2       3768
     sky130_fd_sc_hd__or2b_2        78
     sky130_fd_sc_hd__or3_2       1064
     sky130_fd_sc_hd__or3b_2        63
     sky130_fd_sc_hd__or4_2        111
     sky130_fd_sc_hd__or4b_2        18
     sky130_fd_sc_hd__or4bb_2        8
     sky130_fd_sc_hd__xnor2_2      214
     sky130_fd_sc_hd__xor2_2        81

   Chip area for module '\FMCTop': 2234171.497601

