Sat Jul 12 08:48:13 +0000 2025 - Executing "{openroad -exit -no_init -python /openlane/scripts/odbpy/lefutil.py get_metal_layers -o /openlane/designs/sccs_bch/runs/RUN_2025.07.12_08.48.12/tmp/layers.list /data-ssd/home/zihanxu/.volare/sky130A/libs.ref/sky130_fd_sc_hd/techlef/sky130_fd_sc_hd__nom.tlef}"

Sat Jul 12 08:48:14 +0000 2025 - Executing "{/openlane/scripts/mergeLef.py -o /openlane/designs/sccs_bch/runs/RUN_2025.07.12_08.48.12/tmp/merged.nom.lef -i /data-ssd/home/zihanxu/.volare/sky130A/libs.ref/sky130_fd_sc_hd/techlef/sky130_fd_sc_hd__nom.tlef {/data-ssd/home/zihanxu/.volare/sky130A/libs.ref/sky130_fd_sc_hd/lef/sky130_fd_sc_hd.lef /data-ssd/home/zihanxu/.volare/sky130A/libs.ref/sky130_fd_sc_hd/lef/sky130_ef_sc_hd.lef} |& tee /dev/null}"

Sat Jul 12 08:48:14 +0000 2025 - Executing "{/openlane/scripts/mergeLef.py -o /openlane/designs/sccs_bch/runs/RUN_2025.07.12_08.48.12/tmp/merged.min.lef -i /data-ssd/home/zihanxu/.volare/sky130A/libs.ref/sky130_fd_sc_hd/techlef/sky130_fd_sc_hd__min.tlef {/data-ssd/home/zihanxu/.volare/sky130A/libs.ref/sky130_fd_sc_hd/lef/sky130_fd_sc_hd.lef /data-ssd/home/zihanxu/.volare/sky130A/libs.ref/sky130_fd_sc_hd/lef/sky130_ef_sc_hd.lef} |& tee /dev/null}"

Sat Jul 12 08:48:14 +0000 2025 - Executing "{/openlane/scripts/mergeLef.py -o /openlane/designs/sccs_bch/runs/RUN_2025.07.12_08.48.12/tmp/merged.max.lef -i /data-ssd/home/zihanxu/.volare/sky130A/libs.ref/sky130_fd_sc_hd/techlef/sky130_fd_sc_hd__max.tlef {/data-ssd/home/zihanxu/.volare/sky130A/libs.ref/sky130_fd_sc_hd/lef/sky130_fd_sc_hd.lef /data-ssd/home/zihanxu/.volare/sky130A/libs.ref/sky130_fd_sc_hd/lef/sky130_ef_sc_hd.lef} |& tee /dev/null}"

Sat Jul 12 08:48:14 +0000 2025 - Executing "{python3 /openlane/scripts/mergeLib.py --output /openlane/designs/sccs_bch/runs/RUN_2025.07.12_08.48.12/tmp/synthesis/merged.lib --name sky130A_merged /data-ssd/home/zihanxu/.volare/sky130A/libs.ref/sky130_fd_sc_hd/lib/sky130_fd_sc_hd__tt_025C_1v80.lib}"

Sat Jul 12 08:48:15 +0000 2025 - Executing "{python3 /openlane/scripts/libtrim.py --cell-file /openlane/designs/sccs_bch/runs/RUN_2025.07.12_08.48.12/tmp/synthesis/trimmed.lib.exclude.list --output /openlane/designs/sccs_bch/runs/RUN_2025.07.12_08.48.12/tmp/synthesis/trimmed.lib /openlane/designs/sccs_bch/runs/RUN_2025.07.12_08.48.12/tmp/synthesis/merged.lib}"

Sat Jul 12 08:48:15 +0000 2025 - Executing "{python3 /openlane/scripts/libtrim.py --cell-file /openlane/designs/sccs_bch/runs/RUN_2025.07.12_08.48.12/tmp/cts/cts.lib.exclude.list --output /openlane/designs/sccs_bch/runs/RUN_2025.07.12_08.48.12/tmp/cts/cts.lib /data-ssd/home/zihanxu/.volare/sky130A/libs.ref/sky130_fd_sc_hd/lib/sky130_fd_sc_hd__tt_025C_1v80.lib}"

Sat Jul 12 08:48:15 +0000 2025 - Executing "{python3 /openlane/scripts/libtrim.py --cell-file /openlane/designs/sccs_bch/runs/RUN_2025.07.12_08.48.12/tmp/cts/cts-fastest.lib.exclude.list --output /openlane/designs/sccs_bch/runs/RUN_2025.07.12_08.48.12/tmp/cts/cts-fastest.lib /data-ssd/home/zihanxu/.volare/sky130A/libs.ref/sky130_fd_sc_hd/lib/sky130_fd_sc_hd__ff_n40C_1v95.lib}"

Sat Jul 12 08:48:16 +0000 2025 - Executing "{python3 /openlane/scripts/libtrim.py --cell-file /openlane/designs/sccs_bch/runs/RUN_2025.07.12_08.48.12/tmp/cts/cts-slowest.lib.exclude.list --output /openlane/designs/sccs_bch/runs/RUN_2025.07.12_08.48.12/tmp/cts/cts-slowest.lib /data-ssd/home/zihanxu/.volare/sky130A/libs.ref/sky130_fd_sc_hd/lib/sky130_fd_sc_hd__ss_100C_1v60.lib}"

Sat Jul 12 08:48:16 +0000 2025 - Executing "{python3 /openlane/scripts/new_tracks.py -i /data-ssd/home/zihanxu/.volare/sky130A/libs.tech/openlane/sky130_fd_sc_hd/tracks.info -o /openlane/designs/sccs_bch/runs/RUN_2025.07.12_08.48.12/tmp/routing/config.tracks}"

Sat Jul 12 08:48:16 +0000 2025 - Executing "{echo {OpenLane c924ddae52c92d51c587ce4c4f06b4a0efd4f4ac} > /openlane/designs/sccs_bch/runs/RUN_2025.07.12_08.48.12/OPENLANE_COMMIT}"

Sat Jul 12 08:48:17 +0000 2025 - Executing "{sed -E {s/^([[:space:]]+)pg_pin(.*)/\1pin\2\n\1    direction : "inout";/g} /data-ssd/home/zihanxu/.volare/sky130A/libs.ref/sky130_fd_sc_hd/lib/sky130_fd_sc_hd__tt_025C_1v80.lib > /openlane/designs/sccs_bch/runs/RUN_2025.07.12_08.48.12/tmp/synthesis/1-sky130_fd_sc_hd__tt_025C_1v80.no_pg.lib}"

Sat Jul 12 08:48:17 +0000 2025 - Executing "{sed -E {s/^([[:space:]]+)pg_pin(.*)/\1pin\2\n\1    direction : "inout";/g} /openlane/designs/sccs_bch/runs/RUN_2025.07.12_08.48.12/tmp/synthesis/trimmed.lib > /openlane/designs/sccs_bch/runs/RUN_2025.07.12_08.48.12/tmp/synthesis/1-trimmed.no_pg.lib}"

Sat Jul 12 08:48:17 +0000 2025 - Executing "yosys -c /openlane/scripts/yosys/synth.tcl |& tee /dev/null /openlane/designs/sccs_bch/runs/RUN_2025.07.12_08.48.12/logs/synthesis/1-synthesis.log"

Sat Jul 12 08:48:17 +0000 2025 - Executing "{yosys -c /openlane/scripts/yosys/synth.tcl |& tee /dev/null /openlane/designs/sccs_bch/runs/RUN_2025.07.12_08.48.12/logs/synthesis/1-synthesis.log}"

Sat Jul 12 09:00:08 +0000 2025 - Executing "{sed -i.bak -e {s/\(set ::env(CURRENT_NETLIST)\).*/\1 \/openlane\/designs\/sccs_bch\/runs\/RUN_2025.07.12_08.48.12\/results\/synthesis\/BCHSCCS.v/} /openlane/designs/sccs_bch/runs/RUN_2025.07.12_08.48.12/config.tcl}"

Sat Jul 12 09:00:08 +0000 2025 - Executing "{sed -i.bak /defparam/d /openlane/designs/sccs_bch/runs/RUN_2025.07.12_08.48.12/results/synthesis/BCHSCCS.v}"

Sat Jul 12 09:00:11 +0000 2025 - Executing "sta -exit -no_init /openlane/scripts/openroad/sta/multi_corner.tcl |& tee /dev/null /openlane/designs/sccs_bch/runs/RUN_2025.07.12_08.48.12/logs/synthesis/2-sta.log"

Sat Jul 12 09:00:11 +0000 2025 - Executing "{sta -exit -no_init /openlane/scripts/openroad/sta/multi_corner.tcl |& tee /dev/null /openlane/designs/sccs_bch/runs/RUN_2025.07.12_08.48.12/logs/synthesis/2-sta.log}"

Sat Jul 12 09:00:32 +0000 2025 - Executing "openroad -exit /openlane/scripts/openroad/floorplan.tcl |& tee /dev/null /openlane/designs/sccs_bch/runs/RUN_2025.07.12_08.48.12/logs/floorplan/3-initial_fp.log"

Sat Jul 12 09:00:33 +0000 2025 - Executing "{openroad -exit /openlane/scripts/openroad/floorplan.tcl |& tee /dev/null /openlane/designs/sccs_bch/runs/RUN_2025.07.12_08.48.12/logs/floorplan/3-initial_fp.log}"

Sat Jul 12 09:00:39 +0000 2025 - Executing "{openroad -exit -no_init -python /openlane/scripts/odbpy/defutil.py extract_core_dims --output-data /openlane/designs/sccs_bch/runs/RUN_2025.07.12_08.48.12/tmp/dimensions.txt --input-lef /openlane/designs/sccs_bch/runs/RUN_2025.07.12_08.48.12/tmp/merged.nom.lef /openlane/designs/sccs_bch/runs/RUN_2025.07.12_08.48.12/tmp/floorplan/3-initial_fp.def}"

Sat Jul 12 09:00:42 +0000 2025 - Executing "{openroad -exit -no_init -python /openlane/scripts/odbpy/io_place.py --config /openlane/designs/sccs_bch/pin_order.cfg --hor-layer met3 --ver-layer met2 --ver-width-mult 2 --hor-width-mult 2 --hor-extension 0 --ver-extension 0 --length 4 --unmatched-error --input-lef /openlane/designs/sccs_bch/runs/RUN_2025.07.12_08.48.12/tmp/merged.nom.lef --output-def /openlane/designs/sccs_bch/runs/RUN_2025.07.12_08.48.12/tmp/floorplan/4-io.def --output /openlane/designs/sccs_bch/runs/RUN_2025.07.12_08.48.12/tmp/floorplan/4-io.odb /openlane/designs/sccs_bch/runs/RUN_2025.07.12_08.48.12/tmp/floorplan/3-initial_fp.odb |& tee /dev/null /openlane/designs/sccs_bch/runs/RUN_2025.07.12_08.48.12/logs/floorplan/4-place_io.log}"

Sat Jul 12 09:00:45 +0000 2025 - Executing "openroad -exit /openlane/scripts/openroad/tapcell.tcl |& tee /dev/null /openlane/designs/sccs_bch/runs/RUN_2025.07.12_08.48.12/logs/floorplan/5-tap.log"

Sat Jul 12 09:00:45 +0000 2025 - Executing "{openroad -exit /openlane/scripts/openroad/tapcell.tcl |& tee /dev/null /openlane/designs/sccs_bch/runs/RUN_2025.07.12_08.48.12/logs/floorplan/5-tap.log}"

Sat Jul 12 09:00:51 +0000 2025 - Executing "openroad -exit /openlane/scripts/openroad/pdn.tcl |& tee /dev/null /openlane/designs/sccs_bch/runs/RUN_2025.07.12_08.48.12/logs/floorplan/6-pdn.log"

Sat Jul 12 09:00:51 +0000 2025 - Executing "{openroad -exit /openlane/scripts/openroad/pdn.tcl |& tee /dev/null /openlane/designs/sccs_bch/runs/RUN_2025.07.12_08.48.12/logs/floorplan/6-pdn.log}"

Sat Jul 12 09:01:09 +0000 2025 - Executing "openroad -exit /openlane/scripts/openroad/gpl.tcl |& tee /dev/null /openlane/designs/sccs_bch/runs/RUN_2025.07.12_08.48.12/logs/placement/6-global.log"

Sat Jul 12 09:01:09 +0000 2025 - Executing "{openroad -exit /openlane/scripts/openroad/gpl.tcl |& tee /dev/null /openlane/designs/sccs_bch/runs/RUN_2025.07.12_08.48.12/logs/placement/6-global.log}"

Sat Jul 12 09:09:02 +0000 2025 - Executing "{sed -i.bak -e {s/\(set ::env(CURRENT_NETLIST)\).*/\1 \/openlane\/designs\/sccs_bch\/runs\/RUN_2025.07.12_08.48.12\/tmp\/placement\/7-global.nl.v/} /openlane/designs/sccs_bch/runs/RUN_2025.07.12_08.48.12/config.tcl}"

Sat Jul 12 09:09:02 +0000 2025 - Executing "openroad -exit /openlane/scripts/openroad/sta/multi_corner.tcl |& tee /dev/null /openlane/designs/sccs_bch/runs/RUN_2025.07.12_08.48.12/logs/placement/8-gpl_sta.log"

Sat Jul 12 09:09:03 +0000 2025 - Executing "{openroad -exit /openlane/scripts/openroad/sta/multi_corner.tcl |& tee /dev/null /openlane/designs/sccs_bch/runs/RUN_2025.07.12_08.48.12/logs/placement/8-gpl_sta.log}"

Sat Jul 12 09:09:47 +0000 2025 - Executing "openroad -exit /openlane/scripts/openroad/resizer.tcl |& tee /dev/null /openlane/designs/sccs_bch/runs/RUN_2025.07.12_08.48.12/logs/placement/9-resizer.log"

Sat Jul 12 09:09:47 +0000 2025 - Executing "{openroad -exit /openlane/scripts/openroad/resizer.tcl |& tee /dev/null /openlane/designs/sccs_bch/runs/RUN_2025.07.12_08.48.12/logs/placement/9-resizer.log}"

Sat Jul 12 09:11:21 +0000 2025 - Executing "{sed -i.bak -e {s/\(set ::env(CURRENT_NETLIST)\).*/\1 \/openlane\/designs\/sccs_bch\/runs\/RUN_2025.07.12_08.48.12\/tmp\/placement\/9-resizer.nl.v/} /openlane/designs/sccs_bch/runs/RUN_2025.07.12_08.48.12/config.tcl}"

Sat Jul 12 09:11:21 +0000 2025 - Executing "openroad -exit /openlane/scripts/openroad/dpl.tcl |& tee /dev/null /openlane/designs/sccs_bch/runs/RUN_2025.07.12_08.48.12/logs/placement/10-detailed.log"

Sat Jul 12 09:11:21 +0000 2025 - Executing "{openroad -exit /openlane/scripts/openroad/dpl.tcl |& tee /dev/null /openlane/designs/sccs_bch/runs/RUN_2025.07.12_08.48.12/logs/placement/10-detailed.log}"

Sat Jul 12 09:11:32 +0000 2025 - Executing "{sed -i.bak -e {s/\(set ::env(CURRENT_NETLIST)\).*/\1 \/openlane\/designs\/sccs_bch\/runs\/RUN_2025.07.12_08.48.12\/results\/placement\/BCHSCCS.nl.v/} /openlane/designs/sccs_bch/runs/RUN_2025.07.12_08.48.12/config.tcl}"

Sat Jul 12 09:11:32 +0000 2025 - Executing "openroad -exit /openlane/scripts/openroad/sta/multi_corner.tcl |& tee /dev/null /openlane/designs/sccs_bch/runs/RUN_2025.07.12_08.48.12/logs/placement/11-dpl_sta.log"

Sat Jul 12 09:11:32 +0000 2025 - Executing "{openroad -exit /openlane/scripts/openroad/sta/multi_corner.tcl |& tee /dev/null /openlane/designs/sccs_bch/runs/RUN_2025.07.12_08.48.12/logs/placement/11-dpl_sta.log}"

Sat Jul 12 09:12:03 +0000 2025 - Executing "openroad -exit /openlane/scripts/openroad/cts.tcl |& tee /dev/null /openlane/designs/sccs_bch/runs/RUN_2025.07.12_08.48.12/logs/cts/12-cts.log"

Sat Jul 12 09:12:03 +0000 2025 - Executing "{openroad -exit /openlane/scripts/openroad/cts.tcl |& tee /dev/null /openlane/designs/sccs_bch/runs/RUN_2025.07.12_08.48.12/logs/cts/12-cts.log}"

Sat Jul 12 09:13:20 +0000 2025 - Executing "openroad -exit /openlane/scripts/openroad/sta/multi_corner.tcl |& tee /dev/null /openlane/designs/sccs_bch/runs/RUN_2025.07.12_08.48.12/logs/cts/13-cts_sta.log"

Sat Jul 12 09:13:20 +0000 2025 - Executing "{openroad -exit /openlane/scripts/openroad/sta/multi_corner.tcl |& tee /dev/null /openlane/designs/sccs_bch/runs/RUN_2025.07.12_08.48.12/logs/cts/13-cts_sta.log}"

Sat Jul 12 09:14:07 +0000 2025 - Executing "openroad -exit /openlane/scripts/openroad/resizer_timing.tcl |& tee /dev/null /openlane/designs/sccs_bch/runs/RUN_2025.07.12_08.48.12/logs/cts/14-resizer.log"

Sat Jul 12 09:14:07 +0000 2025 - Executing "{openroad -exit /openlane/scripts/openroad/resizer_timing.tcl |& tee /dev/null /openlane/designs/sccs_bch/runs/RUN_2025.07.12_08.48.12/logs/cts/14-resizer.log}"

Sat Jul 12 09:16:22 +0000 2025 - Executing "{sed -i.bak -e {s/\(set ::env(CURRENT_NETLIST)\).*/\1 \/openlane\/designs\/sccs_bch\/runs\/RUN_2025.07.12_08.48.12\/tmp\/cts\/14-BCHSCCS.resized.nl.v/} /openlane/designs/sccs_bch/runs/RUN_2025.07.12_08.48.12/config.tcl}"

Sat Jul 12 09:16:23 +0000 2025 - Executing "openroad -exit /openlane/scripts/openroad/resizer_routing_design.tcl |& tee /dev/null /openlane/designs/sccs_bch/runs/RUN_2025.07.12_08.48.12/logs/routing/15-resizer_design.log"

Sat Jul 12 09:16:23 +0000 2025 - Executing "{openroad -exit /openlane/scripts/openroad/resizer_routing_design.tcl |& tee /dev/null /openlane/designs/sccs_bch/runs/RUN_2025.07.12_08.48.12/logs/routing/15-resizer_design.log}"

Sat Jul 12 12:24:17 +0000 2025 - Executing "{python3 /openlane/scripts/write_runtime.py --conclude --seconds --time-in 1752323057 {flow failed}}"

Sat Jul 12 12:24:19 +0000 2025 - Executing "{python3 /openlane/scripts/generate_reports.py -d /openlane/designs/sccs_bch --design_name BCHSCCS --tag RUN_2025.07.12_08.48.12 --output_file /openlane/designs/sccs_bch/runs/RUN_2025.07.12_08.48.12/reports/metrics.csv --man_report /openlane/designs/sccs_bch/runs/RUN_2025.07.12_08.48.12/reports/manufacturability.rpt --run_path /openlane/designs/sccs_bch/runs/RUN_2025.07.12_08.48.12}"

