
99. Printing statistics.

=== FMCTop ===

   Number of wires:             210823
   Number of wire bits:         211727
   Number of public wires:       37299
   Number of public wire bits:   38203
   Number of memories:               0
   Number of memory bits:            0
   Number of processes:              0
   Number of cells:             211294
     sky130_fd_sc_hd__a2111o_2      85
     sky130_fd_sc_hd__a2111oi_2      3
     sky130_fd_sc_hd__a211o_2     1608
     sky130_fd_sc_hd__a211oi_2      60
     sky130_fd_sc_hd__a21bo_2     7765
     sky130_fd_sc_hd__a21boi_2      22
     sky130_fd_sc_hd__a21o_2     11123
     sky130_fd_sc_hd__a21oi_2    15002
     sky130_fd_sc_hd__a221o_2     7303
     sky130_fd_sc_hd__a221oi_2      22
     sky130_fd_sc_hd__a22o_2      2153
     sky130_fd_sc_hd__a22oi_2       41
     sky130_fd_sc_hd__a2bb2o_2      47
     sky130_fd_sc_hd__a311o_2     1310
     sky130_fd_sc_hd__a311oi_2       7
     sky130_fd_sc_hd__a31o_2      1837
     sky130_fd_sc_hd__a31oi_2       35
     sky130_fd_sc_hd__a32o_2       109
     sky130_fd_sc_hd__a41o_2       101
     sky130_fd_sc_hd__a41oi_2        2
     sky130_fd_sc_hd__and2_2       752
     sky130_fd_sc_hd__and2b_2       88
     sky130_fd_sc_hd__and3_2       438
     sky130_fd_sc_hd__and3b_2      125
     sky130_fd_sc_hd__and4_2        94
     sky130_fd_sc_hd__and4b_2       29
     sky130_fd_sc_hd__and4bb_2       6
     sky130_fd_sc_hd__buf_1      56739
     sky130_fd_sc_hd__buf_2        123
     sky130_fd_sc_hd__conb_1       105
     sky130_fd_sc_hd__dfxtp_2    37428
     sky130_fd_sc_hd__inv_2        237
     sky130_fd_sc_hd__mux2_2     38467
     sky130_fd_sc_hd__mux4_2       701
     sky130_fd_sc_hd__nand2_2     1974
     sky130_fd_sc_hd__nand2b_2       5
     sky130_fd_sc_hd__nand3_2       26
     sky130_fd_sc_hd__nand3b_2       8
     sky130_fd_sc_hd__nand4_2        1
     sky130_fd_sc_hd__nor2_2      1270
     sky130_fd_sc_hd__nor2b_2        6
     sky130_fd_sc_hd__nor3_2        34
     sky130_fd_sc_hd__nor3b_2        6
     sky130_fd_sc_hd__nor4_2         5
     sky130_fd_sc_hd__o2111a_2      72
     sky130_fd_sc_hd__o2111ai_2      2
     sky130_fd_sc_hd__o211a_2     3925
     sky130_fd_sc_hd__o211ai_2      20
     sky130_fd_sc_hd__o21a_2       773
     sky130_fd_sc_hd__o21ai_2      738
     sky130_fd_sc_hd__o21ba_2       32
     sky130_fd_sc_hd__o21bai_2       3
     sky130_fd_sc_hd__o221a_2     3700
     sky130_fd_sc_hd__o221ai_2       5
     sky130_fd_sc_hd__o22a_2       758
     sky130_fd_sc_hd__o22ai_2        8
     sky130_fd_sc_hd__o2bb2a_2      52
     sky130_fd_sc_hd__o2bb2ai_2      1
     sky130_fd_sc_hd__o311a_2     1133
     sky130_fd_sc_hd__o311ai_2       1
     sky130_fd_sc_hd__o31a_2      7707
     sky130_fd_sc_hd__o31ai_2       23
     sky130_fd_sc_hd__o32a_2       116
     sky130_fd_sc_hd__o32ai_2        3
     sky130_fd_sc_hd__o41a_2         7
     sky130_fd_sc_hd__or2_2       3198
     sky130_fd_sc_hd__or2b_2       163
     sky130_fd_sc_hd__or3_2       1027
     sky130_fd_sc_hd__or3b_2        80
     sky130_fd_sc_hd__or4_2        142
     sky130_fd_sc_hd__or4b_2        25
     sky130_fd_sc_hd__or4bb_2        3
     sky130_fd_sc_hd__xnor2_2      213
     sky130_fd_sc_hd__xor2_2        62

   Chip area for module '\FMCTop': 2188735.420802

