
53. Executing CHECK pass (checking for obvious problems).
Checking module NFC_Toggle_Top_DDR100...
Checking module $paramod\NPhy_Toggle_Physical_Output_DDR100\NumberOfWays=s32'00000000000000000000000000001000...
Checking module $paramod\NPhy_Toggle_Pinpad\NumberOfWays=s32'00000000000000000000000000001000...
Checking module NPM_Toggle_POR...
Checking module NPM_Toggle_PIR...
Checking module NPM_Toggle_PHY_B_Reset...
Checking module $paramod\NPM_Toggle_IDLE_DDR100\NumberOfWays=s32'00000000000000000000000000001000...
Checking module $paramod\NPM_Toggle_CAL_DDR100\NumberOfWays=s32'00000000000000000000000000001000...
Checking module $paramod\NPM_Toggle_DO_tADL_DDR100\NumberOfWays=s32'00000000000000000000000000001000...
Checking module $paramod\NPM_Toggle_DI_DDR100\NumberOfWays=s32'00000000000000000000000000001000...
Checking module $paramod\NPM_Toggle_TIMER\NumberOfWays=s32'00000000000000000000000000001000...
Checking module $paramod\NPM_Toggle_PHYOutMux\NumberOfWays=s32'00000000000000000000000000001000...
Checking module $paramod\NPCG_Toggle_way_CE_timer\NumberOfWays=s32'00000000000000000000000000001000...
Checking module $paramod\NPCG_Toggle_bCMD_manager\NumberOfWays=s32'00000000000000000000000000001000...
Checking module $paramod\NPCG_Toggle_bCMD_IDLE\NumberOfWays=s32'00000000000000000000000000001000...
Checking module $paramod\NPCG_Toggle_MNC_getFT\NumberOfWays=s32'00000000000000000000000000001000...
Checking module $paramod\NPCG_Toggle_SCC_N_poe\NumberOfWays=s32'00000000000000000000000000001000...
Checking module $paramod\NPCG_Toggle_SCC_PI_reset\NumberOfWays=s32'00000000000000000000000000001000...
Checking module $paramod\NPCG_Toggle_SCC_PO_reset\NumberOfWays=s32'00000000000000000000000000001000...
Checking module $paramod\NPCG_Toggle_MNC_N_init\NumberOfWays=s32'00000000000000000000000000001000...
Checking module $paramod\NPCG_Toggle_MNC_readST\NumberOfWays=s32'00000000000000000000000000001000...
Checking module $paramod\NPCG_Toggle_MNC_readID\NumberOfWays=s32'00000000000000000000000000001000...
Checking module $paramod\NPCG_Toggle_MNC_setFT\NumberOfWays=s32'00000000000000000000000000001000...
Checking module $paramod\NPCG_Toggle_BNC_B_erase\NumberOfWays=s32'00000000000000000000000000001000...
Checking module $paramod\NPCG_Toggle_BNC_P_program\NumberOfWays=s32'00000000000000000000000000001000...
Checking module $paramod\NPCG_Toggle_BNC_P_read_DT00h\NumberOfWays=s32'00000000000000000000000000001000...
Checking module $paramod\NPCG_Toggle_BNC_P_read_AW30h\NumberOfWays=s32'00000000000000000000000000001000...
Checking module $paramod\NPCG_Toggle_BNC_single_cmd\NumberOfWays=s32'00000000000000000000000000001000...
Checking module $paramod$2580adcc89706385a917ffb17e66fedde50c8871\NPCG_Toggle_bCMDMux...
Checking module $paramod\NPCG_Toggle_Top\NumberOfWays=s32'00000000000000000000000000001000...
Checking module $paramod\NPM_Toggle_Top_DDR100\NumberOfWays=s32'00000000000000000000000000001000...
Checking module $paramod$1f7c22834880f2f44e69719eee0d07324578e850\NPhy_Toggle_Top_DDR100...
Checking module $paramod$63006885400d9388097edc4c73072c0777783d12\NPhy_Toggle_Physical_Input_DDR100...
Checking module $paramod$303dc14f92c81cddc40d1180464eb9e51ec2b82d\RTL_Simple_Dual_Port_RAM...
Checking module $paramod$7fae7ec54775a33eaf3a0d86037c3cce51bf7ca6\RTL_Simple_Dual_Port_RAM...
Checking module $paramod\ASIC_SERDES\DATA_WIDTH=s32'00000000000000000000000000001000...
Warning: multiple conflicting drivers for $paramod\ASIC_SERDES\DATA_WIDTH=s32'00000000000000000000000000001000.\shift_reg [7]:
    port Q[7] of cell $procdff$3658 ($adff)
    port Q[7] of cell $procdff$3656 ($dff)
Warning: multiple conflicting drivers for $paramod\ASIC_SERDES\DATA_WIDTH=s32'00000000000000000000000000001000.\shift_reg [6]:
    port Q[6] of cell $procdff$3658 ($adff)
    port Q[6] of cell $procdff$3656 ($dff)
Warning: multiple conflicting drivers for $paramod\ASIC_SERDES\DATA_WIDTH=s32'00000000000000000000000000001000.\shift_reg [5]:
    port Q[5] of cell $procdff$3658 ($adff)
    port Q[5] of cell $procdff$3656 ($dff)
Warning: multiple conflicting drivers for $paramod\ASIC_SERDES\DATA_WIDTH=s32'00000000000000000000000000001000.\shift_reg [4]:
    port Q[4] of cell $procdff$3658 ($adff)
    port Q[4] of cell $procdff$3656 ($dff)
Warning: multiple conflicting drivers for $paramod\ASIC_SERDES\DATA_WIDTH=s32'00000000000000000000000000001000.\shift_reg [3]:
    port Q[3] of cell $procdff$3658 ($adff)
    port Q[3] of cell $procdff$3656 ($dff)
Warning: multiple conflicting drivers for $paramod\ASIC_SERDES\DATA_WIDTH=s32'00000000000000000000000000001000.\shift_reg [2]:
    port Q[2] of cell $procdff$3658 ($adff)
    port Q[2] of cell $procdff$3656 ($dff)
Warning: multiple conflicting drivers for $paramod\ASIC_SERDES\DATA_WIDTH=s32'00000000000000000000000000001000.\shift_reg [1]:
    port Q[1] of cell $procdff$3658 ($adff)
    port Q[1] of cell $procdff$3656 ($dff)
Warning: multiple conflicting drivers for $paramod\ASIC_SERDES\DATA_WIDTH=s32'00000000000000000000000000001000.\shift_reg [0]:
    port Q[0] of cell $procdff$3658 ($adff)
    port Q[0] of cell $procdff$3656 ($dff)
Checking module $paramod\async_reset_sync\SYNC_STAGES=s32'00000000000000000000000000000010...
Found and reported 8 problems.
