OpenROAD b16bda7e82721d10566ff7e2b68f1ff0be9f9e38 
Features included (+) or not (-): +Charts +GPU +GUI +Python
This program is licensed under the BSD-3 license. See the LICENSE file for details.
Components of this program may be licensed under more restrictive licenses which must be honored.
define_corners Typical
read_liberty -corner Typical /data-ssd/home/zihanxu/.volare/sky130A/libs.ref/sky130_fd_sc_hd/lib/sky130_fd_sc_hd__tt_025C_1v80.lib
Using 1e-12 for capacitance...
Using 1e+03 for resistance...
Using 1e-09 for time...
Using 1e+00 for voltage...
Using 1e-03 for current...
Using 1e-09 for power...
Using 1e-06 for distance...
[INFO]: Reading ODB at '/openlane/designs/sccs_bch/runs/RUN_2025.07.12_08.48.12/results/floorplan/BCHSCCS.odb'…
Reading design constraints file at '/openlane/designs/sccs_bch/src/CRC_checker.sdc'…
[INFO]: Setting RC values...
[INFO]: Setting signal min routing layer to: met1 and clock min routing layer to met3. 
[INFO]: Setting signal max routing layer to: met5 and clock max routing layer to met5. 
[INFO GPL-0002] DBU: 1000
[INFO GPL-0003] SiteSize: (  0.460  2.720 ) um
[INFO GPL-0004] CoreBBox: (  5.520 10.880 ) ( 2759.080 2763.520 ) um
[INFO GPL-0006] NumInstances:            309767
[INFO GPL-0007] NumPlaceInstances:       199752
[INFO GPL-0008] NumFixedInstances:       110015
[INFO GPL-0009] NumDummyInstances:            0
[INFO GPL-0010] NumNets:                 200340
[INFO GPL-0011] NumPins:                 658775
[INFO GPL-0012] DieBBox:  (  0.000  0.000 ) ( 2765.030 2775.750 ) um
[INFO GPL-0013] CoreBBox: (  5.520 10.880 ) ( 2759.080 2763.520 ) um
[INFO GPL-0016] CoreArea:            7579559.398 um^2
[INFO GPL-0017] NonPlaceInstsArea:   142715.626 um^2
[INFO GPL-0018] PlaceInstsArea:      2275338.480 um^2
[INFO GPL-0019] Util:                    30.595 %
[INFO GPL-0020] StdInstsArea:        2275338.480 um^2
[INFO GPL-0021] MacroInstsArea:           0.000 um^2
[InitialPlace]  Iter: 1 CG residual: 0.00193867 HPWL: 4295794140
[InitialPlace]  Iter: 2 CG residual: 0.00304314 HPWL: 4456101063
[InitialPlace]  Iter: 3 CG residual: 0.00585882 HPWL: 4257137846
[InitialPlace]  Iter: 4 CG residual: 0.00511913 HPWL: 3926967442
[InitialPlace]  Iter: 5 CG residual: 0.00171592 HPWL: 3541140496
[InitialPlace]  Iter: 6 CG residual: 0.00247550 HPWL: 3397873336
[InitialPlace]  Iter: 7 CG residual: 0.00167759 HPWL: 3343584952
[InitialPlace]  Iter: 8 CG residual: 0.00154750 HPWL: 3207316183
[InitialPlace]  Iter: 9 CG residual: 0.00057920 HPWL: 3124577431
[InitialPlace]  Iter: 10 CG residual: 0.00019417 HPWL: 3077997884
[InitialPlace]  Iter: 11 CG residual: 0.00012628 HPWL: 3056823014
[InitialPlace]  Iter: 12 CG residual: 0.00012191 HPWL: 3053495381
[InitialPlace]  Iter: 13 CG residual: 0.00012504 HPWL: 3049167116
[InitialPlace]  Iter: 14 CG residual: 0.00012626 HPWL: 3049373424
[InitialPlace]  Iter: 15 CG residual: 0.00015120 HPWL: 3045771762
[InitialPlace]  Iter: 16 CG residual: 0.00015270 HPWL: 3045898191
[InitialPlace]  Iter: 17 CG residual: 0.00012265 HPWL: 3042409855
[InitialPlace]  Iter: 18 CG residual: 0.00013322 HPWL: 3043316570
[InitialPlace]  Iter: 19 CG residual: 0.00013437 HPWL: 3040122898
[InitialPlace]  Iter: 20 CG residual: 0.00013299 HPWL: 3041150313
[INFO GPL-0031] FillerInit:NumGCells:    261996
[INFO GPL-0032] FillerInit:NumGNets:     200340
[INFO GPL-0033] FillerInit:NumGPins:     658775
[INFO GPL-0023] TargetDensity:            0.400
[INFO GPL-0024] AvrgPlaceInstArea:       11.391 um^2
[INFO GPL-0025] IdealBinArea:            28.477 um^2
[INFO GPL-0026] IdealBinCnt:             266163
[INFO GPL-0027] TotalBinArea:        7579559.398 um^2
[INFO GPL-0028] BinCnt:       512    512
[INFO GPL-0029] BinSize: (  5.379  5.377 )
[INFO GPL-0030] NumBins: 262144
[NesterovSolve] Iter:    1 overflow: 0.994 HPWL: 1618230569
[NesterovSolve] Iter:   10 overflow: 0.981 HPWL: 2017156435
[NesterovSolve] Iter:   20 overflow: 0.974 HPWL: 2198977038
[NesterovSolve] Iter:   30 overflow: 0.969 HPWL: 2284996054
[NesterovSolve] Iter:   40 overflow: 0.966 HPWL: 2303928300
[NesterovSolve] Iter:   50 overflow: 0.965 HPWL: 2303883079
[NesterovSolve] Iter:   60 overflow: 0.964 HPWL: 2311806035
[NesterovSolve] Iter:   70 overflow: 0.963 HPWL: 2316425978
[NesterovSolve] Iter:   80 overflow: 0.963 HPWL: 2314476077
[NesterovSolve] Iter:   90 overflow: 0.963 HPWL: 2309960758
[NesterovSolve] Iter:  100 overflow: 0.963 HPWL: 2306879885
[NesterovSolve] Iter:  110 overflow: 0.963 HPWL: 2308439682
[NesterovSolve] Iter:  120 overflow: 0.963 HPWL: 2315943870
[NesterovSolve] Iter:  130 overflow: 0.963 HPWL: 2331861852
[NesterovSolve] Iter:  140 overflow: 0.963 HPWL: 2371256705
[NesterovSolve] Iter:  150 overflow: 0.962 HPWL: 2461867990
[NesterovSolve] Iter:  160 overflow: 0.962 HPWL: 2562729826
[NesterovSolve] Iter:  170 overflow: 0.962 HPWL: 2640719788
[NesterovSolve] Iter:  180 overflow: 0.962 HPWL: 2758146010
[NesterovSolve] Iter:  190 overflow: 0.961 HPWL: 2935312318
[NesterovSolve] Iter:  200 overflow: 0.961 HPWL: 3144700934
[NesterovSolve] Iter:  210 overflow: 0.959 HPWL: 3407814665
[NesterovSolve] Iter:  220 overflow: 0.958 HPWL: 3758062174
[NesterovSolve] Iter:  230 overflow: 0.956 HPWL: 4199706645
[NesterovSolve] Iter:  240 overflow: 0.953 HPWL: 4746883007
[NesterovSolve] Iter:  250 overflow: 0.948 HPWL: 5413818380
[NesterovSolve] Iter:  260 overflow: 0.942 HPWL: 6190295456
[NesterovSolve] Iter:  270 overflow: 0.934 HPWL: 7060876027
[NesterovSolve] Iter:  280 overflow: 0.924 HPWL: 7982079777
[NesterovSolve] Iter:  290 overflow: 0.911 HPWL: 8962899198
[NesterovSolve] Iter:  300 overflow: 0.896 HPWL: 9978678485
[NesterovSolve] Iter:  310 overflow: 0.878 HPWL: 11067979340
[NesterovSolve] Iter:  320 overflow: 0.856 HPWL: 12157700175
[NesterovSolve] Iter:  330 overflow: 0.826 HPWL: 13234751464
[NesterovSolve] Iter:  340 overflow: 0.787 HPWL: 14429442956
[INFO GPL-0100] worst slack 1.23e-09
[INFO GPL-0103] Weighted 20033 nets.
[NesterovSolve] Iter:  350 overflow: 0.735 HPWL: 15651181167
[NesterovSolve] Iter:  360 overflow: 0.690 HPWL: 17060775973
[NesterovSolve] Iter:  370 overflow: 0.651 HPWL: 18494650884
[INFO GPL-0100] worst slack -8.27e-10
[INFO GPL-0103] Weighted 20033 nets.
[NesterovSolve] Iter:  380 overflow: 0.612 HPWL: 19847333125
[NesterovSolve] Snapshot saved at iter = 383
[NesterovSolve] Iter:  390 overflow: 0.574 HPWL: 20896287689
[NesterovSolve] Iter:  400 overflow: 0.532 HPWL: 21735838757
[NesterovSolve] Iter:  410 overflow: 0.496 HPWL: 22541309657
[INFO GPL-0100] worst slack 5.51e-10
[INFO GPL-0103] Weighted 20033 nets.
[NesterovSolve] Iter:  420 overflow: 0.467 HPWL: 22957665651
[NesterovSolve] Iter:  430 overflow: 0.439 HPWL: 23003063782
[NesterovSolve] Iter:  440 overflow: 0.408 HPWL: 23025836407
[NesterovSolve] Iter:  450 overflow: 0.383 HPWL: 23136734557
[NesterovSolve] Iter:  460 overflow: 0.353 HPWL: 23007720426
[NesterovSolve] Iter:  470 overflow: 0.325 HPWL: 22966129869
[NesterovSolve] Iter:  480 overflow: 0.299 HPWL: 22852482298
[INFO GPL-0100] worst slack 6.1e-10
[INFO GPL-0103] Weighted 20032 nets.
[NesterovSolve] Iter:  490 overflow: 0.270 HPWL: 22784272944
[NesterovSolve] Iter:  500 overflow: 0.243 HPWL: 22721193021
[NesterovSolve] Iter:  510 overflow: 0.216 HPWL: 22679533213
[INFO GPL-0100] worst slack 5.38e-10
[INFO GPL-0103] Weighted 20033 nets.
[INFO GPL-0075] Routability numCall: 1 inflationIterCnt: 1 bloatIterCnt: 0
[INFO GPL-0036] TileBBox: (    0    0 ) ( 6900 6900 ) DBU
[INFO GPL-0038] TileCnt:     400  402
[INFO GPL-0039] numRoutingLayers: 6
[INFO GPL-0040] NumTiles: 160800
[INFO GPL-0063] TotalRouteOverflowH2: 34370.450775027275
[INFO GPL-0064] TotalRouteOverflowV2: 31890.866973638535
[INFO GPL-0065] OverflowTileCnt2: 208644
[INFO GPL-0066] 0.5%RC: 2.1002
[INFO GPL-0067] 1.0%RC: 1.9402
[INFO GPL-0068] 2.0%RC: 1.8121
[INFO GPL-0069] 5.0%RC: 1.6609
[INFO GPL-0070] 0.5rcK: 1
[INFO GPL-0071] 1.0rcK: 1
[INFO GPL-0072] 2.0rcK: 0
[INFO GPL-0073] 5.0rcK: 0
[INFO GPL-0074] FinalRC: 2.0202
[INFO GPL-0078] FinalRC lower than minRC (1e+30), min RC updated.
[INFO GPL-0045] InflatedAreaDelta:   1186703.420 um^2
[INFO GPL-0046] TargetDensity:            0.400
[INFO GPL-0049] WhiteSpaceArea:      7436843.773 um^2
[INFO GPL-0050] NesterovInstsArea:   2275338.480 um^2
[INFO GPL-0051] TotalFillerArea:     699399.018 um^2
[INFO GPL-0052] TotalGCellsArea:     2974737.498 um^2
[INFO GPL-0053] ExpectedGCellsArea:  4161440.918 um^2
[INFO GPL-0054] NewTargetDensity:         0.560
[INFO GPL-0055] NewWhiteSpaceArea:   7436843.773 um^2
[INFO GPL-0056] MovableArea:         4161441.104 um^2
[INFO GPL-0057] NewNesterovInstArea: 3462041.900 um^2
[INFO GPL-0058] NewTotalFillerArea:  699399.204 um^2
[INFO GPL-0059] NewTotalGCellsArea:  4161441.104 um^2
[NesterovSolve] Revert back to snapshot coordi
[NesterovSolve] Iter:  520 overflow: 0.561 HPWL: 21944377297
[NesterovSolve] Iter:  530 overflow: 0.491 HPWL: 26521957796
[NesterovSolve] Iter:  540 overflow: 0.510 HPWL: 26489597949
[NesterovSolve] Iter:  550 overflow: 0.487 HPWL: 25761839130
[NesterovSolve] Iter:  560 overflow: 0.452 HPWL: 24136918727
[NesterovSolve] Iter:  570 overflow: 0.424 HPWL: 26097546246
[NesterovSolve] Iter:  580 overflow: 0.425 HPWL: 25947509883
[NesterovSolve] Iter:  590 overflow: 0.397 HPWL: 25193411988
[NesterovSolve] Iter:  600 overflow: 0.380 HPWL: 25473539993
[NesterovSolve] Iter:  610 overflow: 0.365 HPWL: 25214876462
[NesterovSolve] Iter:  620 overflow: 0.340 HPWL: 25048436262
[NesterovSolve] Iter:  630 overflow: 0.319 HPWL: 24913218327
[NesterovSolve] Iter:  640 overflow: 0.293 HPWL: 24817978005
[NesterovSolve] Iter:  650 overflow: 0.266 HPWL: 24730021884
[NesterovSolve] Iter:  660 overflow: 0.241 HPWL: 24663910974
[NesterovSolve] Iter:  670 overflow: 0.217 HPWL: 24616463080
[INFO GPL-0075] Routability numCall: 2 inflationIterCnt: 2 bloatIterCnt: 0
[INFO GPL-0036] TileBBox: (    0    0 ) ( 6900 6900 ) DBU
[INFO GPL-0038] TileCnt:     400  402
[INFO GPL-0039] numRoutingLayers: 6
[INFO GPL-0040] NumTiles: 160800
[INFO GPL-0063] TotalRouteOverflowH2: 30969.050790548325
[INFO GPL-0064] TotalRouteOverflowV2: 36087.067131876945
[INFO GPL-0065] OverflowTileCnt2: 242799
[INFO GPL-0066] 0.5%RC: 1.8561
[INFO GPL-0067] 1.0%RC: 1.7343
[INFO GPL-0068] 2.0%RC: 1.6330
[INFO GPL-0069] 5.0%RC: 1.5498
[INFO GPL-0070] 0.5rcK: 1
[INFO GPL-0071] 1.0rcK: 1
[INFO GPL-0072] 2.0rcK: 0
[INFO GPL-0073] 5.0rcK: 0
[INFO GPL-0074] FinalRC: 1.7952
[INFO GPL-0078] FinalRC lower than minRC (2.0201924), min RC updated.
[INFO GPL-0045] InflatedAreaDelta:   1965599.717 um^2
[INFO GPL-0046] TargetDensity:            0.560
[INFO GPL-0049] WhiteSpaceArea:      7436843.773 um^2
[INFO GPL-0050] NesterovInstsArea:   3462041.900 um^2
[INFO GPL-0051] TotalFillerArea:     699399.204 um^2
[INFO GPL-0052] TotalGCellsArea:     4161441.104 um^2
[INFO GPL-0053] ExpectedGCellsArea:  6127040.821 um^2
[INFO GPL-0054] NewTargetDensity:         0.824
[INFO GPL-0055] NewWhiteSpaceArea:   7436843.773 um^2
[INFO GPL-0056] MovableArea:         6127040.856 um^2
[INFO GPL-0057] NewNesterovInstArea: 5427641.618 um^2
[INFO GPL-0058] NewTotalFillerArea:  699399.238 um^2
[INFO GPL-0059] NewTotalGCellsArea:  6127040.856 um^2
[NesterovSolve] Revert back to snapshot coordi
[NesterovSolve] Iter:  680 overflow: 0.577 HPWL: 21684416753
[NesterovSolve] Iter:  690 overflow: 0.297 HPWL: 43495794139
[NesterovSolve] Iter:  700 overflow: 0.357 HPWL: 36657805923
[NesterovSolve] Iter:  710 overflow: 0.356 HPWL: 32967848811
[NesterovSolve] Iter:  720 overflow: 0.332 HPWL: 32995934517
[NesterovSolve] Iter:  730 overflow: 0.372 HPWL: 29384977918
[NesterovSolve] Iter:  740 overflow: 0.364 HPWL: 28997803120
[NesterovSolve] Iter:  750 overflow: 0.361 HPWL: 28568013625
[NesterovSolve] Iter:  760 overflow: 0.344 HPWL: 28073987114
[NesterovSolve] Iter:  770 overflow: 0.333 HPWL: 27723176953
[NesterovSolve] Iter:  780 overflow: 0.313 HPWL: 27398386494
[NesterovSolve] Iter:  790 overflow: 0.289 HPWL: 27119090436
[NesterovSolve] Iter:  800 overflow: 0.265 HPWL: 26892706459
[NesterovSolve] Iter:  810 overflow: 0.240 HPWL: 26729035791
[NesterovSolve] Iter:  820 overflow: 0.216 HPWL: 26610169150
[INFO GPL-0075] Routability numCall: 3 inflationIterCnt: 3 bloatIterCnt: 0
[INFO GPL-0036] TileBBox: (    0    0 ) ( 6900 6900 ) DBU
[INFO GPL-0038] TileCnt:     400  402
[INFO GPL-0039] numRoutingLayers: 6
[INFO GPL-0040] NumTiles: 160800
[INFO GPL-0063] TotalRouteOverflowH2: 30394.350818037987
[INFO GPL-0064] TotalRouteOverflowV2: 38340.30065023899
[INFO GPL-0065] OverflowTileCnt2: 263665
[INFO GPL-0066] 0.5%RC: 1.7215
[INFO GPL-0067] 1.0%RC: 1.6366
[INFO GPL-0068] 2.0%RC: 1.5864
[INFO GPL-0069] 5.0%RC: 1.5245
[INFO GPL-0070] 0.5rcK: 1
[INFO GPL-0071] 1.0rcK: 1
[INFO GPL-0072] 2.0rcK: 0
[INFO GPL-0073] 5.0rcK: 0
[INFO GPL-0074] FinalRC: 1.6791
[INFO GPL-0078] FinalRC lower than minRC (1.79522), min RC updated.
[INFO GPL-0045] InflatedAreaDelta:   3165702.933 um^2
[INFO GPL-0046] TargetDensity:            0.824
Revert Routability Procedure. Target density higher than max, or minRC max violations.
[INFO GPL-0080] minRcViolatedCnt: 0
[INFO GPL-0047] SavedMinRC: 1.6791
[INFO GPL-0048] SavedTargetDensity: 0.8239
[NesterovSolve] Revert back to snapshot coordi
[NesterovSolve] Iter:  830 overflow: 0.577 HPWL: 21684416753
[NesterovSolve] Iter:  840 overflow: 0.297 HPWL: 43495794139
[NesterovSolve] Iter:  850 overflow: 0.357 HPWL: 36657805923
[NesterovSolve] Iter:  860 overflow: 0.356 HPWL: 32967848811
[NesterovSolve] Iter:  870 overflow: 0.332 HPWL: 32995934517
[NesterovSolve] Iter:  880 overflow: 0.372 HPWL: 29384977918
[NesterovSolve] Iter:  890 overflow: 0.364 HPWL: 28997803120
[NesterovSolve] Iter:  900 overflow: 0.361 HPWL: 28568013625
[NesterovSolve] Iter:  910 overflow: 0.344 HPWL: 28073987114
[NesterovSolve] Iter:  920 overflow: 0.333 HPWL: 27723176953
[NesterovSolve] Iter:  930 overflow: 0.313 HPWL: 27398386494
[NesterovSolve] Iter:  940 overflow: 0.289 HPWL: 27119090436
[NesterovSolve] Iter:  950 overflow: 0.265 HPWL: 26892706459
[NesterovSolve] Iter:  960 overflow: 0.240 HPWL: 26729035791
[NesterovSolve] Iter:  970 overflow: 0.216 HPWL: 26610169150
[NesterovSolve] Iter:  980 overflow: 0.194 HPWL: 26526267889
[NesterovSolve] Iter:  990 overflow: 0.174 HPWL: 26475485445
[NesterovSolve] Iter: 1000 overflow: 0.155 HPWL: 26448084113
[INFO GPL-0100] worst slack 8.34e-10
[INFO GPL-0103] Weighted 20033 nets.
[NesterovSolve] Iter: 1010 overflow: 0.137 HPWL: 26440510219
[NesterovSolve] Iter: 1020 overflow: 0.121 HPWL: 26445882811
[NesterovSolve] Iter: 1030 overflow: 0.107 HPWL: 26463070458
[NesterovSolve] Finished with Overflow: 0.098767
Setting global connections for newly added cells…
Writing OpenROAD database to '/openlane/designs/sccs_bch/runs/RUN_2025.07.12_08.48.12/tmp/placement/7-global.odb'…
Writing netlist to '/openlane/designs/sccs_bch/runs/RUN_2025.07.12_08.48.12/tmp/placement/7-global.nl.v'…
Writing powered netlist to '/openlane/designs/sccs_bch/runs/RUN_2025.07.12_08.48.12/tmp/placement/7-global.pnl.v'…
Writing layout to '/openlane/designs/sccs_bch/runs/RUN_2025.07.12_08.48.12/tmp/placement/7-global.def'…
