[INFO]: Run Directory: /openlane/designs/skes_bch/runs/RUN_2025.07.12_11.18.59
[INFO]: Saving runtime environment...
[INFO]: Preparing LEF files for the nom corner...
[INFO]: Preparing LEF files for the min corner...
[INFO]: Preparing LEF files for the max corner...
[INFO]: Running linter (Verilator) (log: designs/skes_bch/runs/RUN_2025.07.12_11.18.59/logs/synthesis/linter.log)...
[INFO]: 0 errors found by linter
[WARNING]: 475 warnings found by linter
[INFO]: Running Synthesis (log: designs/skes_bch/runs/RUN_2025.07.12_11.18.59/logs/synthesis/1-synthesis.log)...
[INFO]: Running Single-Corner Static Timing Analysis (log: designs/skes_bch/runs/RUN_2025.07.12_11.18.59/logs/synthesis/2-sta.log)...
[INFO]: Running Initial Floorplanning (log: designs/skes_bch/runs/RUN_2025.07.12_11.18.59/logs/floorplan/3-initial_fp.log)...
[INFO]: Floorplanned with width 1399.78 and height 1398.08.
[INFO]: Running IO Placement (log: designs/skes_bch/runs/RUN_2025.07.12_11.18.59/logs/floorplan/4-place_io.log)...
[INFO]: Running Tap/Decap Insertion (log: designs/skes_bch/runs/RUN_2025.07.12_11.18.59/logs/floorplan/5-tap.log)...
[INFO]: Power planning with power {VPWR} and ground {VGND}...
[INFO]: Generating PDN (log: designs/skes_bch/runs/RUN_2025.07.12_11.18.59/logs/floorplan/6-pdn.log)...
[INFO]: Running Global Placement (log: designs/skes_bch/runs/RUN_2025.07.12_11.18.59/logs/placement/6-global.log)...
[INFO]: Running Single-Corner Static Timing Analysis (log: designs/skes_bch/runs/RUN_2025.07.12_11.18.59/logs/placement/8-gpl_sta.log)...
[INFO]: Running Placement Resizer Design Optimizations (log: designs/skes_bch/runs/RUN_2025.07.12_11.18.59/logs/placement/9-resizer.log)...
[INFO]: Running Detailed Placement (log: designs/skes_bch/runs/RUN_2025.07.12_11.18.59/logs/placement/10-detailed.log)...
[INFO]: Running Single-Corner Static Timing Analysis (log: designs/skes_bch/runs/RUN_2025.07.12_11.18.59/logs/placement/11-dpl_sta.log)...
[INFO]: Running Clock Tree Synthesis (log: designs/skes_bch/runs/RUN_2025.07.12_11.18.59/logs/cts/12-cts.log)...
[INFO]: Running Single-Corner Static Timing Analysis (log: designs/skes_bch/runs/RUN_2025.07.12_11.18.59/logs/cts/13-cts_sta.log)...
[INFO]: Running Placement Resizer Timing Optimizations (log: designs/skes_bch/runs/RUN_2025.07.12_11.18.59/logs/cts/14-resizer.log)...
[INFO]: Running Global Routing Resizer Design Optimizations (log: designs/skes_bch/runs/RUN_2025.07.12_11.18.59/logs/routing/15-resizer_design.log)...
[ERROR]: during executing openroad script /openlane/scripts/openroad/resizer_routing_design.tcl
[ERROR]: Log: designs/skes_bch/runs/RUN_2025.07.12_11.18.59/logs/routing/15-resizer_design.log
[ERROR]: Last 10 lines:
[INFO GRT-0101] Running extra iterations to remove overflow.
[INFO GRT-0103] Extra Run for hard benchmark.
[INFO GRT-0197] Via related to pin nodes: 336181
[INFO GRT-0198] Via related Steiner nodes: 8017
[INFO GRT-0199] Via filling finished.
[INFO GRT-0111] Final number of vias: 485360
[INFO GRT-0112] Final usage 3D: 2209518
[ERROR GRT-0119] Routing congestion too high. Check the congestion heatmap in the GUI and load /openlane/designs/skes_bch/runs/RUN_2025.07.12_11.18.59/tmp/routing/resizer-routing-design-congestion.rpt in the DRC viewer.
Error: resizer_routing_design.tcl, 46 GRT-0119
child process exited abnormally

[ERROR]: Creating issue reproducible...
[INFO]: Saving runtime environment...
[INFO]: Reproducible packaged: Please tarball and upload 'designs/skes_bch/runs/RUN_2025.07.12_11.18.59/issue_reproducible' if you're going to submit an issue.
[ERROR]: Step 15 (routing) failed with error:
-code 1 -level 0 -errorstack {INNER {invokeStk1 throw_error} CALL {run_tcl_script -tool openroad -no_consume /openlane/scripts/openroad/resizer_routing_design.tcl -indexed_log /openlane/designs/skes_bch/runs/RUN_2025.07.12_11.18.59/logs/routing/15-resizer_design.log -save dir=/openlane/designs/skes_bch/runs/RUN_2025.07.12_11.18.59/tmp/routing,def,sdc,odb,netlist,powered_netlist} CALL {run_openroad_script /openlane/scripts/openroad/resizer_routing_design.tcl -indexed_log /openlane/designs/skes_bch/runs/RUN_2025.07.12_11.18.59/logs/routing/15-resizer_design.log -save dir=/openlane/designs/skes_bch/runs/RUN_2025.07.12_11.18.59/tmp/routing,def,sdc,odb,netlist,powered_netlist} CALL run_resizer_design_routing CALL run_routing CALL run_routing_step CALL {run_non_interactive_mode -design skes_bch}} -errorcode NONE -errorinfo {
    while executing
"throw_error"
    (procedure "run_tcl_script" line 219)
    invoked from within
"run_tcl_script -tool openroad -no_consume {*}$args"
    (procedure "run_openroad_script" line 2)
    invoked from within
"run_openroad_script $::env(SCRIPTS_DIR)/openroad/resizer_routing_design.tcl -indexed_log $log -save "dir=$::env(routing_tmpfiles),def,sdc,odb,netlist,..."
    (procedure "run_resizer_design_routing" line 9)
    invoked from within
"run_resizer_design_routing"
    (procedure "run_routing" line 8)
    invoked from within
"run_routing"
    (procedure "run_routing_step" line 7)
    invoked from within
"run_routing_step"} -errorline 1
[INFO]: Saving current set of views in 'designs/skes_bch/runs/RUN_2025.07.12_11.18.59/results/final'...
[INFO]: Generating final set of reports...
[ERROR]: Failed to create manufacturability and metric reports:
[ERROR]: Traceback (most recent call last):
  File "/openlane/scripts/generate_reports.py", line 184, in <module>
    cli()
  File "/nix/store/8ywrzlq8yyqrif2sfvbgg8vsxhj80ry7-python3-3.11.9-env/lib/python3.11/site-packages/click/core.py", line 1157, in __call__
    return self.main(*args, **kwargs)
           ^^^^^^^^^^^^^^^^^^^^^^^^^^
  File "/nix/store/8ywrzlq8yyqrif2sfvbgg8vsxhj80ry7-python3-3.11.9-env/lib/python3.11/site-packages/click/core.py", line 1078, in main
    rv = self.invoke(ctx)
         ^^^^^^^^^^^^^^^^
  File "/nix/store/8ywrzlq8yyqrif2sfvbgg8vsxhj80ry7-python3-3.11.9-env/lib/python3.11/site-packages/click/core.py", line 1434, in invoke
    return ctx.invoke(self.callback, **ctx.params)
           ^^^^^^^^^^^^^^^^^^^^^^^^^^^^^^^^^^^^^^^
  File "/nix/store/8ywrzlq8yyqrif2sfvbgg8vsxhj80ry7-python3-3.11.9-env/lib/python3.11/site-packages/click/core.py", line 783, in invoke
    return __callback(*args, **kwargs)
           ^^^^^^^^^^^^^^^^^^^^^^^^^^^
  File "/openlane/scripts/generate_reports.py", line 51, in cli
    report = Report(design, tag, design_name, params, run_path).get_report()
             ^^^^^^^^^^^^^^^^^^^^^^^^^^^^^^^^^^^^^^^^^^^^^^^^^^^^^^^^^^^^^^^
  File "/openlane/scripts/report/report.py", line 809, in get_report
    *self.extract_all_values(),
     ^^^^^^^^^^^^^^^^^^^^^^^^^
  File "/openlane/scripts/report/report.py", line 359, in extract_all_values
    power_report = Artifact(
                   ^^^^^^^^^
  File "/openlane/scripts/report/report.py", line 62, in __init__
    self.pathname = matches[0]
                    ~~~~~~~^^^
IndexError: list index out of range
[INFO]: Saving runtime environment...
[ERROR]: Flow failed.
[INFO]: The failure may have been because of the following warnings:
