
97. Printing statistics.

=== BCHSCCS ===

   Number of wires:             200095
   Number of wire bits:         201482
   Number of public wires:       44795
   Number of public wire bits:   46182
   Number of memories:               0
   Number of memory bits:            0
   Number of processes:              0
   Number of cells:             200894
     sky130_fd_sc_hd__a2111o_2      92
     sky130_fd_sc_hd__a2111oi_2      1
     sky130_fd_sc_hd__a211o_2      417
     sky130_fd_sc_hd__a211oi_2      22
     sky130_fd_sc_hd__a21bo_2       24
     sky130_fd_sc_hd__a21boi_2      11
     sky130_fd_sc_hd__a21o_2      3971
     sky130_fd_sc_hd__a21oi_2     1832
     sky130_fd_sc_hd__a221o_2     8166
     sky130_fd_sc_hd__a221oi_2       8
     sky130_fd_sc_hd__a22o_2      3796
     sky130_fd_sc_hd__a22oi_2       22
     sky130_fd_sc_hd__a2bb2o_2      46
     sky130_fd_sc_hd__a2bb2oi_2      1
     sky130_fd_sc_hd__a311o_2      111
     sky130_fd_sc_hd__a311oi_2      13
     sky130_fd_sc_hd__a31o_2      1103
     sky130_fd_sc_hd__a31oi_2       29
     sky130_fd_sc_hd__a32o_2       181
     sky130_fd_sc_hd__a41o_2         9
     sky130_fd_sc_hd__a41oi_2        1
     sky130_fd_sc_hd__and2_2      1214
     sky130_fd_sc_hd__and2b_2       24
     sky130_fd_sc_hd__and3_2       948
     sky130_fd_sc_hd__and3b_2       63
     sky130_fd_sc_hd__and4_2       114
     sky130_fd_sc_hd__and4b_2       27
     sky130_fd_sc_hd__and4bb_2      25
     sky130_fd_sc_hd__buf_1      57837
     sky130_fd_sc_hd__buf_2         27
     sky130_fd_sc_hd__dfrtp_2      574
     sky130_fd_sc_hd__dfstp_2        5
     sky130_fd_sc_hd__dfxtp_2    44897
     sky130_fd_sc_hd__inv_2        729
     sky130_fd_sc_hd__mux2_2     47806
     sky130_fd_sc_hd__mux4_2      2415
     sky130_fd_sc_hd__nand2_2     2862
     sky130_fd_sc_hd__nand2b_2       5
     sky130_fd_sc_hd__nand3_2       34
     sky130_fd_sc_hd__nand3b_2      26
     sky130_fd_sc_hd__nand4_2       13
     sky130_fd_sc_hd__nand4b_2       2
     sky130_fd_sc_hd__nand4bb_2      1
     sky130_fd_sc_hd__nor2_2      1990
     sky130_fd_sc_hd__nor2b_2        1
     sky130_fd_sc_hd__nor3_2        33
     sky130_fd_sc_hd__nor3b_2        9
     sky130_fd_sc_hd__nor4_2         9
     sky130_fd_sc_hd__nor4b_2        4
     sky130_fd_sc_hd__o2111a_2      10
     sky130_fd_sc_hd__o2111ai_2      2
     sky130_fd_sc_hd__o211a_2     2361
     sky130_fd_sc_hd__o211ai_2      60
     sky130_fd_sc_hd__o21a_2       188
     sky130_fd_sc_hd__o21ai_2      145
     sky130_fd_sc_hd__o21ba_2       19
     sky130_fd_sc_hd__o21bai_2      23
     sky130_fd_sc_hd__o221a_2      137
     sky130_fd_sc_hd__o221ai_2       4
     sky130_fd_sc_hd__o22a_2       203
     sky130_fd_sc_hd__o22ai_2        5
     sky130_fd_sc_hd__o2bb2a_2     436
     sky130_fd_sc_hd__o311a_2      132
     sky130_fd_sc_hd__o311ai_2       8
     sky130_fd_sc_hd__o31a_2       177
     sky130_fd_sc_hd__o31ai_2       85
     sky130_fd_sc_hd__o32a_2        31
     sky130_fd_sc_hd__o32ai_2        1
     sky130_fd_sc_hd__o41a_2        13
     sky130_fd_sc_hd__or2_2       1655
     sky130_fd_sc_hd__or2b_2        29
     sky130_fd_sc_hd__or3_2        856
     sky130_fd_sc_hd__or3b_2       203
     sky130_fd_sc_hd__or4_2        722
     sky130_fd_sc_hd__or4b_2       185
     sky130_fd_sc_hd__or4bb_2       57
     sky130_fd_sc_hd__xnor2_2     8933
     sky130_fd_sc_hd__xnor2_4       10
     sky130_fd_sc_hd__xor2_2      2649
     sky130_fd_sc_hd__xor2_4         5

   Chip area for module '\BCHSCCS': 2292877.801602

